#
# There is insufficient memory for the Java Runtime Environment to continue.
# Native memory allocation (malloc) failed to allocate 32744 bytes for ChunkPool::allocate
# Possible reasons:
#   The system is out of physical RAM or swap space
#   In 32 bit mode, the process size limit was hit
# Possible solutions:
#   Reduce memory load on the system
#   Increase physical memory or swap space
#   Check if swap backing store is full
#   Use 64 bit Java on a 64 bit OS
#   Decrease Java heap size (-Xmx/-Xms)
#   Decrease number of Java threads
#   Decrease Java thread stack sizes (-Xss)
#   Set larger code cache with -XX:ReservedCodeCacheSize=
# This output file may be truncated or incomplete.
#
#  Out of Memory Error (allocation.cpp:273), pid=4260, tid=0x000000000000227c
#
# JRE version: Java(TM) SE Runtime Environment (8.0_144-b01) (build 1.8.0_144-b01)
# Java VM: Java HotSpot(TM) 64-Bit Server VM (25.144-b01 mixed mode windows-amd64 compressed oops)
# Failed to write core dump. Minidumps are not enabled by default on client versions of Windows
#

---------------  T H R E A D  ---------------

Current thread (0x0000000016c74000):  JavaThread "C2 CompilerThread0" daemon [_thread_in_native, id=8828, stack(0x0000000016ef0000,0x0000000016ff0000)]

Stack: [0x0000000016ef0000,0x0000000016ff0000]
[error occurred during error reporting (printing stack bounds), id 0xc0000005]

Native frames: (J=compiled Java code, j=interpreted, Vv=VM code, C=native code)


Current CompileTask:
C2:  19773 3969       4       java.net.URLStreamHandler::parseURL (1193 bytes)


---------------  P R O C E S S  ---------------

Java Threads: ( => current thread )
  0x000000001ba2c800 JavaThread "HikariPool-1 connection adder" daemon [_thread_blocked, id=500, stack(0x000000001ded0000,0x000000001dfd0000)]
  0x000000001ba29800 JavaThread "HikariPool-1 housekeeper" daemon [_thread_blocked, id=8428, stack(0x000000001ddd0000,0x000000001ded0000)]
  0x000000001ba2b800 JavaThread "container-0" [_thread_blocked, id=1284, stack(0x000000001d8d0000,0x000000001d9d0000)]
  0x000000001ba2e000 JavaThread "Catalina-utility-2" [_thread_blocked, id=5552, stack(0x000000001d7d0000,0x000000001d8d0000)]
  0x000000001ba2b000 JavaThread "Catalina-utility-1" [_thread_blocked, id=6460, stack(0x000000001d6d0000,0x000000001d7d0000)]
  0x0000000016d6c800 JavaThread "Service Thread" daemon [_thread_blocked, id=8424, stack(0x00000000171f0000,0x00000000172f0000)]
  0x0000000016d5b000 JavaThread "C1 CompilerThread2" daemon [_thread_blocked, id=2052, stack(0x00000000170f0000,0x00000000171f0000)]
  0x0000000016cfc000 JavaThread "C2 CompilerThread1" daemon [_thread_in_native, id=5832, stack(0x0000000016ff0000,0x00000000170f0000)]
=>0x0000000016c74000 JavaThread "C2 CompilerThread0" daemon [_thread_in_native, id=8828, stack(0x0000000016ef0000,0x0000000016ff0000)]
  0x0000000016c73000 JavaThread "Monitor Ctrl-Break" daemon [_thread_in_native, id=5696, stack(0x0000000016df0000,0x0000000016ef0000)]
  0x0000000015360800 JavaThread "Attach Listener" daemon [_thread_blocked, id=2860, stack(0x00000000168f0000,0x00000000169f0000)]
  0x000000001535f000 JavaThread "Signal Dispatcher" daemon [_thread_blocked, id=5948, stack(0x00000000167f0000,0x00000000168f0000)]
  0x000000001534f800 JavaThread "Finalizer" daemon [_thread_blocked, id=5184, stack(0x00000000165d0000,0x00000000166d0000)]
  0x0000000002d45000 JavaThread "Reference Handler" daemon [_thread_blocked, id=1232, stack(0x00000000164d0000,0x00000000165d0000)]
  0x0000000002c55000 JavaThread "main" [_thread_in_native, id=2648, stack(0x00000000029a0000,0x0000000002aa0000)]

Other Threads:
  0x0000000015327000 VMThread [stack: 0x00000000163d0000,0x00000000164d0000] [id=7488]
  0x0000000016dc0000 WatcherThread [stack: 0x0000000017450000,0x0000000017550000] [id=2916]

VM state:not at safepoint (normal execution)

VM Mutex/Monitor currently owned by a thread: None

Heap:
 PSYoungGen      total 107008K, used 42762K [0x00000000eb180000, 0x00000000f4700000, 0x0000000100000000)
  eden space 100864K, 36% used [0x00000000eb180000,0x00000000ed549060,0x00000000f1400000)
  from space 6144K, 99% used [0x00000000f1400000,0x00000000f19f9988,0x00000000f1a00000)
  to   space 9216K, 0% used [0x00000000f3e00000,0x00000000f3e00000,0x00000000f4700000)
 ParOldGen       total 36352K, used 20857K [0x00000000c1400000, 0x00000000c3780000, 0x00000000eb180000)
  object space 36352K, 57% used [0x00000000c1400000,0x00000000c285e798,0x00000000c3780000)
 Metaspace       used 50125K, capacity 51858K, committed 52312K, reserved 1093632K
  class space    used 6817K, capacity 7147K, committed 7256K, reserved 1048576K

Card table byte_map: [0x0000000012110000,0x0000000012310000] byte_map_base: 0x0000000011b06000

Marking Bits: (ParMarkBitMap*) 0x000000006b6cd850
 Begin Bits: [0x0000000012860000, 0x0000000013810000)
 End Bits:   [0x0000000013810000, 0x00000000147c0000)

Polling page: 0x0000000001120000

CodeCache: size=245760Kb used=12564Kb max_used=12564Kb free=233195Kb
 bounds [0x0000000002d50000, 0x00000000039b0000, 0x0000000011d50000]
 total_blobs=4112 nmethods=3590 adapters=434
 compilation: enabled

Compilation events (10 events):
Event: 19.680 Thread 0x0000000016d5b000 3980       3       org.springframework.aop.support.AopUtils::canApply (206 bytes)
Event: 19.683 Thread 0x0000000016d5b000 nmethod 3980 0x0000000003999650 code [0x0000000003999a60, 0x000000000399bf38]
Event: 19.708 Thread 0x0000000016d5b000 3981       3       org.springframework.core.annotation.AnnotationUtils::isOverride (81 bytes)
Event: 19.711 Thread 0x0000000016d5b000 nmethod 3981 0x000000000399d410 code [0x000000000399d660, 0x000000000399e868]
Event: 19.711 Thread 0x0000000016d5b000 3982   !   3       com.sun.proxy.$Proxy8::annotationType (29 bytes)
Event: 19.711 Thread 0x0000000016d5b000 nmethod 3982 0x000000000399ef90 code [0x000000000399f120, 0x000000000399f558]
Event: 19.711 Thread 0x0000000016d5b000 3983       3       org.springframework.core.MethodClassKey::equals (55 bytes)
Event: 19.712 Thread 0x0000000016d5b000 nmethod 3983 0x000000000399f710 code [0x000000000399f8a0, 0x000000000399fe18]
Event: 19.712 Thread 0x0000000016d5b000 3984       3       java.lang.Exception::<init> (6 bytes)
Event: 19.712 Thread 0x0000000016d5b000 nmethod 3984 0x000000000399ff50 code [0x00000000039a00c0, 0x00000000039a0408]

GC Heap History (10 events):
Event: 11.516 GC heap before
{Heap before GC invocations=15 (full 1):
 PSYoungGen      total 46080K, used 45239K [0x00000000eb180000, 0x00000000efc00000, 0x0000000100000000)
  eden space 40960K, 100% used [0x00000000eb180000,0x00000000ed980000,0x00000000ed980000)
  from space 5120K, 83% used [0x00000000ed980000,0x00000000eddadf10,0x00000000ede80000)
  to   space 5632K, 0% used [0x00000000ef680000,0x00000000ef680000,0x00000000efc00000)
 ParOldGen       total 25600K, used 7624K [0x00000000c1400000, 0x00000000c2d00000, 0x00000000eb180000)
  object space 25600K, 29% used [0x00000000c1400000,0x00000000c1b72280,0x00000000c2d00000)
 Metaspace       used 28351K, capacity 29446K, committed 29568K, reserved 1075200K
  class space    used 3648K, capacity 3889K, committed 3968K, reserved 1048576K
Event: 11.524 GC heap after
Heap after GC invocations=15 (full 1):
 PSYoungGen      total 69632K, used 3818K [0x00000000eb180000, 0x00000000efb80000, 0x0000000100000000)
  eden space 64512K, 0% used [0x00000000eb180000,0x00000000eb180000,0x00000000ef080000)
  from space 5120K, 74% used [0x00000000ef680000,0x00000000efa3a820,0x00000000efb80000)
  to   space 5632K, 0% used [0x00000000ef080000,0x00000000ef080000,0x00000000ef600000)
 ParOldGen       total 25600K, used 9764K [0x00000000c1400000, 0x00000000c2d00000, 0x00000000eb180000)
  object space 25600K, 38% used [0x00000000c1400000,0x00000000c1d892b8,0x00000000c2d00000)
 Metaspace       used 28351K, capacity 29446K, committed 29568K, reserved 1075200K
  class space    used 3648K, capacity 3889K, committed 3968K, reserved 1048576K
}
Event: 13.118 GC heap before
{Heap before GC invocations=16 (full 1):
 PSYoungGen      total 69632K, used 68278K [0x00000000eb180000, 0x00000000efb80000, 0x0000000100000000)
  eden space 64512K, 99% used [0x00000000eb180000,0x00000000ef0730a0,0x00000000ef080000)
  from space 5120K, 74% used [0x00000000ef680000,0x00000000efa3a820,0x00000000efb80000)
  to   space 5632K, 0% used [0x00000000ef080000,0x00000000ef080000,0x00000000ef600000)
 ParOldGen       total 25600K, used 9764K [0x00000000c1400000, 0x00000000c2d00000, 0x00000000eb180000)
  object space 25600K, 38% used [0x00000000c1400000,0x00000000c1d892b8,0x00000000c2d00000)
 Metaspace       used 32030K, capacity 33452K, committed 33664K, reserved 1079296K
  class space    used 4108K, capacity 4412K, committed 4480K, reserved 1048576K
Event: 13.128 GC heap after
Heap after GC invocations=16 (full 1):
 PSYoungGen      total 70144K, used 4799K [0x00000000eb180000, 0x00000000f2080000, 0x0000000100000000)
  eden space 64512K, 0% used [0x00000000eb180000,0x00000000eb180000,0x00000000ef080000)
  from space 5632K, 85% used [0x00000000ef080000,0x00000000ef52fcd0,0x00000000ef600000)
  to   space 6144K, 0% used [0x00000000f1a80000,0x00000000f1a80000,0x00000000f2080000)
 ParOldGen       total 25600K, used 11620K [0x00000000c1400000, 0x00000000c2d00000, 0x00000000eb180000)
  object space 25600K, 45% used [0x00000000c1400000,0x00000000c1f592b8,0x00000000c2d00000)
 Metaspace       used 32030K, capacity 33452K, committed 33664K, reserved 1079296K
  class space    used 4108K, capacity 4412K, committed 4480K, reserved 1048576K
}
Event: 14.041 GC heap before
{Heap before GC invocations=17 (full 1):
 PSYoungGen      total 70144K, used 35474K [0x00000000eb180000, 0x00000000f2080000, 0x0000000100000000)
  eden space 64512K, 47% used [0x00000000eb180000,0x00000000ecf74c28,0x00000000ef080000)
  from space 5632K, 85% used [0x00000000ef080000,0x00000000ef52fcd0,0x00000000ef600000)
  to   space 6144K, 0% used [0x00000000f1a80000,0x00000000f1a80000,0x00000000f2080000)
 ParOldGen       total 25600K, used 11620K [0x00000000c1400000, 0x00000000c2d00000, 0x00000000eb180000)
  object space 25600K, 45% used [0x00000000c1400000,0x00000000c1f592b8,0x00000000c2d00000)
 Metaspace       used 33836K, capacity 35360K, committed 35416K, reserved 1079296K
  class space    used 4337K, capacity 4644K, committed 4696K, reserved 1048576K
Event: 14.047 GC heap after
Heap after GC invocations=17 (full 1):
 PSYoungGen      total 106496K, used 2249K [0x00000000eb180000, 0x00000000f2000000, 0x0000000100000000)
  eden space 100864K, 0% used [0x00000000eb180000,0x00000000eb180000,0x00000000f1400000)
  from space 5632K, 39% used [0x00000000f1a80000,0x00000000f1cb2508,0x00000000f2000000)
  to   space 6144K, 0% used [0x00000000f1400000,0x00000000f1400000,0x00000000f1a00000)
 ParOldGen       total 25600K, used 13852K [0x00000000c1400000, 0x00000000c2d00000, 0x00000000eb180000)
  object space 25600K, 54% used [0x00000000c1400000,0x00000000c2187308,0x00000000c2d00000)
 Metaspace       used 33836K, capacity 35360K, committed 35416K, reserved 1079296K
  class space    used 4337K, capacity 4644K, committed 4696K, reserved 1048576K
}
Event: 14.047 GC heap before
{Heap before GC invocations=18 (full 2):
 PSYoungGen      total 106496K, used 2249K [0x00000000eb180000, 0x00000000f2000000, 0x0000000100000000)
  eden space 100864K, 0% used [0x00000000eb180000,0x00000000eb180000,0x00000000f1400000)
  from space 5632K, 39% used [0x00000000f1a80000,0x00000000f1cb2508,0x00000000f2000000)
  to   space 6144K, 0% used [0x00000000f1400000,0x00000000f1400000,0x00000000f1a00000)
 ParOldGen       total 25600K, used 13852K [0x00000000c1400000, 0x00000000c2d00000, 0x00000000eb180000)
  object space 25600K, 54% used [0x00000000c1400000,0x00000000c2187308,0x00000000c2d00000)
 Metaspace       used 33836K, capacity 35360K, committed 35416K, reserved 1079296K
  class space    used 4337K, capacity 4644K, committed 4696K, reserved 1048576K
Event: 14.118 GC heap after
Heap after GC invocations=18 (full 2):
 PSYoungGen      total 106496K, used 0K [0x00000000eb180000, 0x00000000f2000000, 0x0000000100000000)
  eden space 100864K, 0% used [0x00000000eb180000,0x00000000eb180000,0x00000000f1400000)
  from space 5632K, 0% used [0x00000000f1a80000,0x00000000f1a80000,0x00000000f2000000)
  to   space 6144K, 0% used [0x00000000f1400000,0x00000000f1400000,0x00000000f1a00000)
 ParOldGen       total 36352K, used 13696K [0x00000000c1400000, 0x00000000c3780000, 0x00000000eb180000)
  object space 36352K, 37% used [0x00000000c1400000,0x00000000c21601e0,0x00000000c3780000)
 Metaspace       used 33836K, capacity 35360K, committed 35416K, reserved 1079296K
  class space    used 4337K, capacity 4644K, committed 4696K, reserved 1048576K
}
Event: 18.628 GC heap before
{Heap before GC invocations=19 (full 2):
 PSYoungGen      total 106496K, used 100864K [0x00000000eb180000, 0x00000000f2000000, 0x0000000100000000)
  eden space 100864K, 100% used [0x00000000eb180000,0x00000000f1400000,0x00000000f1400000)
  from space 5632K, 0% used [0x00000000f1a80000,0x00000000f1a80000,0x00000000f2000000)
  to   space 6144K, 0% used [0x00000000f1400000,0x00000000f1400000,0x00000000f1a00000)
 ParOldGen       total 36352K, used 13696K [0x00000000c1400000, 0x00000000c3780000, 0x00000000eb180000)
  object space 36352K, 37% used [0x00000000c1400000,0x00000000c21601e0,0x00000000c3780000)
 Metaspace       used 46652K, capacity 48316K, committed 48600K, reserved 1091584K
  class space    used 6192K, capacity 6516K, committed 6616K, reserved 1048576K
Event: 18.647 GC heap after
Heap after GC invocations=19 (full 2):
 PSYoungGen      total 107008K, used 6118K [0x00000000eb180000, 0x00000000f4700000, 0x0000000100000000)
  eden space 100864K, 0% used [0x00000000eb180000,0x00000000eb180000,0x00000000f1400000)
  from space 6144K, 99% used [0x00000000f1400000,0x00000000f19f9988,0x00000000f1a00000)
  to   space 9216K, 0% used [0x00000000f3e00000,0x00000000f3e00000,0x00000000f4700000)
 ParOldGen       total 36352K, used 20857K [0x00000000c1400000, 0x00000000c3780000, 0x00000000eb180000)
  object space 36352K, 57% used [0x00000000c1400000,0x00000000c285e798,0x00000000c3780000)
 Metaspace       used 46652K, capacity 48316K, committed 48600K, reserved 1091584K
  class space    used 6192K, capacity 6516K, committed 6616K, reserved 1048576K
}

Deoptimization events (10 events):
Event: 16.132 Thread 0x0000000002c55000 Uncommon trap: reason=class_check action=maybe_recompile pc=0x0000000002ee3e04 method=java.util.AbstractList$Itr.next()Ljava/lang/Object; @ 14
Event: 16.134 Thread 0x0000000002c55000 Uncommon trap: reason=class_check action=maybe_recompile pc=0x00000000035b0a14 method=java.util.AbstractList$Itr.hasNext()Z @ 8
Event: 16.134 Thread 0x0000000002c55000 Uncommon trap: reason=class_check action=maybe_recompile pc=0x0000000002ee3e04 method=java.util.AbstractList$Itr.next()Ljava/lang/Object; @ 14
Event: 16.134 Thread 0x0000000002c55000 Uncommon trap: reason=class_check action=maybe_recompile pc=0x00000000035b0a14 method=java.util.AbstractList$Itr.hasNext()Z @ 8
Event: 16.134 Thread 0x0000000002c55000 Uncommon trap: reason=class_check action=maybe_recompile pc=0x0000000002ee3e04 method=java.util.AbstractList$Itr.next()Ljava/lang/Object; @ 14
Event: 16.401 Thread 0x0000000002c55000 Uncommon trap: reason=unstable_if action=reinterpret pc=0x00000000031cb52c method=java.lang.ClassLoader.getClassLoadingLock(Ljava/lang/String;)Ljava/lang/Object; @ 6
Event: 18.279 Thread 0x0000000002c55000 Uncommon trap: reason=unstable_if action=reinterpret pc=0x00000000037cd538 method=java.lang.Class$MethodArray.addIfNotPresent(Ljava/lang/reflect/Method;)V @ 19
Event: 18.471 Thread 0x0000000002c55000 Uncommon trap: reason=bimorphic action=maybe_recompile pc=0x0000000003549a28 method=java.util.stream.ReferencePipeline$2$1.accept(Ljava/lang/Object;)V @ 21
Event: 19.585 Thread 0x0000000002c55000 Uncommon trap: reason=null_check action=make_not_entrant pc=0x000000000383cb1c method=org.springframework.core.annotation.AnnotatedElementUtils.searchWithFindSemantics(Ljava/lang/reflect/AnnotatedElement;Ljava/util/Set;Ljava/lang/String;Ljava/lang/Class;L
Event: 19.660 Thread 0x0000000002c55000 Uncommon trap: reason=unstable_if action=reinterpret pc=0x0000000003279084 method=org.springframework.asm.ClassReader.readUtf(II[C)Ljava/lang/String; @ 41

Internal exceptions (10 events):
Event: 19.620 Thread 0x0000000002c55000 Exception <a 'java/lang/ClassNotFoundException': org/springframework/beans/factory/AwareCustomizer> (0x00000000ed1666e8) thrown at [C:\re\workspace\8-2-build-windows-amd64-cygwin\jdk8u144\9417\hotspot\src\share\vm\classfile\systemDictionary.cpp, line 210]
Event: 19.621 Thread 0x0000000002c55000 Exception <a 'java/lang/ClassNotFoundException': org/springframework/beans/factory/BeanFactoryAwareCustomizer> (0x00000000ed17a3b0) thrown at [C:\re\workspace\8-2-build-windows-amd64-cygwin\jdk8u144\9417\hotspot\src\share\vm\classfile\systemDictionary.cpp
Event: 19.621 Thread 0x0000000002c55000 Exception <a 'java/lang/ClassNotFoundException': org/springframework/beans/factory/AwareCustomizer> (0x00000000ed18cb00) thrown at [C:\re\workspace\8-2-build-windows-amd64-cygwin\jdk8u144\9417\hotspot\src\share\vm\classfile\systemDictionary.cpp, line 210]
Event: 19.621 Thread 0x0000000002c55000 Exception <a 'java/lang/ClassNotFoundException': org/springframework/context/ApplicationEventPublisherAwareCustomizer> (0x00000000ed1a25d8) thrown at [C:\re\workspace\8-2-build-windows-amd64-cygwin\jdk8u144\9417\hotspot\src\share\vm\classfile\systemDictio
Event: 19.622 Thread 0x0000000002c55000 Exception <a 'java/lang/ClassNotFoundException': org/springframework/beans/factory/AwareCustomizer> (0x00000000ed1b4ed0) thrown at [C:\re\workspace\8-2-build-windows-amd64-cygwin\jdk8u144\9417\hotspot\src\share\vm\classfile\systemDictionary.cpp, line 210]
Event: 19.646 Thread 0x0000000002c55000 Exception <a 'java/lang/ClassNotFoundException': java/lang/ObjectCustomizer> (0x00000000ed1f3ac8) thrown at [C:\re\workspace\8-2-build-windows-amd64-cygwin\jdk8u144\9417\hotspot\src\share\vm\classfile\systemDictionary.cpp, line 210]
Event: 19.647 Thread 0x0000000002c55000 Exception <a 'java/lang/ClassNotFoundException': org/springframework/core/io/support/PropertiesLoaderSupportCustomizer> (0x00000000ed20dcb8) thrown at [C:\re\workspace\8-2-build-windows-amd64-cygwin\jdk8u144\9417\hotspot\src\share\vm\classfile\systemDicti
Event: 19.648 Thread 0x0000000002c55000 Exception <a 'java/lang/ClassNotFoundException': org/springframework/beans/factory/config/PropertiesFactoryBeanCustomizer> (0x00000000ed22e520) thrown at [C:\re\workspace\8-2-build-windows-amd64-cygwin\jdk8u144\9417\hotspot\src\share\vm\classfile\systemDi
Event: 19.650 Thread 0x0000000002c55000 Exception <a 'java/lang/ClassNotFoundException': org/springframework/beans/factory/FactoryBeanCustomizer> (0x00000000ed257270) thrown at [C:\re\workspace\8-2-build-windows-amd64-cygwin\jdk8u144\9417\hotspot\src\share\vm\classfile\systemDictionary.cpp, lin
Event: 19.651 Thread 0x0000000002c55000 Exception <a 'java/lang/ClassNotFoundException': org/springframework/beans/factory/InitializingBeanCustomizer> (0x00000000ed26eb00) thrown at [C:\re\workspace\8-2-build-windows-amd64-cygwin\jdk8u144\9417\hotspot\src\share\vm\classfile\systemDictionary.cpp

Events (10 events):
Event: 19.699 loading class javax/persistence/StoredProcedureQuery
Event: 19.699 loading class javax/persistence/StoredProcedureQuery done
Event: 19.699 loading class javax/persistence/EntityTransaction
Event: 19.699 loading class javax/persistence/EntityTransaction done
Event: 19.713 loading class org/springframework/data/mapping/MappingException
Event: 19.713 loading class org/springframework/data/mapping/MappingException done
Event: 19.715 loading class org/springframework/data/mapping/model/PersistentPropertyAccessorFactory
Event: 19.715 loading class org/springframework/data/mapping/model/PersistentPropertyAccessorFactory done
Event: 19.722 loading class org/springframework/data/spel/EvaluationContextProvider
Event: 19.722 loading class org/springframework/data/spel/EvaluationContextProvider done


Dynamic libraries:
0x00007ff6eb470000 - 0x00007ff6eb4a7000 	C:\Program Files\Java\jdk1.8.0_144\bin\java.exe
0x00007ffd5d100000 - 0x00007ffd5d2ed000 	C:\WINDOWS\SYSTEM32\ntdll.dll
0x00007ffd5a870000 - 0x00007ffd5a923000 	C:\WINDOWS\System32\KERNEL32.DLL
0x00007ffd591d0000 - 0x00007ffd59463000 	C:\WINDOWS\System32\KERNELBASE.dll
0x00007ffd5a930000 - 0x00007ffd5a9d3000 	C:\WINDOWS\System32\ADVAPI32.dll
0x00007ffd5caf0000 - 0x00007ffd5cb8e000 	C:\WINDOWS\System32\msvcrt.dll
0x00007ffd5ab40000 - 0x00007ffd5abde000 	C:\WINDOWS\System32\sechost.dll
0x00007ffd5a9e0000 - 0x00007ffd5ab02000 	C:\WINDOWS\System32\RPCRT4.dll
0x00007ffd5c950000 - 0x00007ffd5cae7000 	C:\WINDOWS\System32\USER32.dll
0x00007ffd5a150000 - 0x00007ffd5a170000 	C:\WINDOWS\System32\win32u.dll
0x00007ffd5ab10000 - 0x00007ffd5ab39000 	C:\WINDOWS\System32\GDI32.dll
0x00007ffd59520000 - 0x00007ffd596ba000 	C:\WINDOWS\System32\gdi32full.dll
0x00007ffd5a170000 - 0x00007ffd5a210000 	C:\WINDOWS\System32\msvcp_win.dll
0x00007ffd59e10000 - 0x00007ffd59f0c000 	C:\WINDOWS\System32\ucrtbase.dll
0x00007ffd4e270000 - 0x00007ffd4e4e9000 	C:\WINDOWS\WinSxS\amd64_microsoft.windows.common-controls_6595b64144ccf1df_6.0.17763.316_none_05b53be2071f46b6\COMCTL32.dll
0x00007ffd5a490000 - 0x00007ffd5a7bd000 	C:\WINDOWS\System32\combase.dll
0x00007ffd5a240000 - 0x00007ffd5a2be000 	C:\WINDOWS\System32\bcryptPrimitives.dll
0x00007ffd5a840000 - 0x00007ffd5a86e000 	C:\WINDOWS\System32\IMM32.DLL
0x000000006b750000 - 0x000000006b822000 	C:\Program Files\Java\jdk1.8.0_144\jre\bin\msvcr100.dll
0x000000006aeb0000 - 0x000000006b74d000 	C:\Program Files\Java\jdk1.8.0_144\jre\bin\server\jvm.dll
0x00007ffd5cf10000 - 0x00007ffd5cf18000 	C:\WINDOWS\System32\PSAPI.DLL
0x00007ffd48b20000 - 0x00007ffd48b29000 	C:\WINDOWS\SYSTEM32\WSOCK32.dll
0x00007ffd5d060000 - 0x00007ffd5d0cd000 	C:\WINDOWS\System32\WS2_32.dll
0x00007ffd56d70000 - 0x00007ffd56d94000 	C:\WINDOWS\SYSTEM32\WINMM.dll
0x00007ffd52070000 - 0x00007ffd5207a000 	C:\WINDOWS\SYSTEM32\VERSION.dll
0x00007ffd56d40000 - 0x00007ffd56d6d000 	C:\WINDOWS\SYSTEM32\WINMMBASE.dll
0x00007ffd5a2c0000 - 0x00007ffd5a30a000 	C:\WINDOWS\System32\cfgmgr32.dll
0x000000006aea0000 - 0x000000006aeaf000 	C:\Program Files\Java\jdk1.8.0_144\jre\bin\verify.dll
0x000000006ae70000 - 0x000000006ae99000 	C:\Program Files\Java\jdk1.8.0_144\jre\bin\java.dll
0x000000006ae20000 - 0x000000006ae43000 	C:\Program Files\Java\jdk1.8.0_144\jre\bin\instrument.dll
0x000000006ae50000 - 0x000000006ae66000 	C:\Program Files\Java\jdk1.8.0_144\jre\bin\zip.dll
0x00007ffd5b3b0000 - 0x00007ffd5c89f000 	C:\WINDOWS\System32\SHELL32.dll
0x00007ffd5c8a0000 - 0x00007ffd5c948000 	C:\WINDOWS\System32\shcore.dll
0x00007ffd596c0000 - 0x00007ffd59e0a000 	C:\WINDOWS\System32\windows.storage.dll
0x00007ffd59100000 - 0x00007ffd59124000 	C:\WINDOWS\System32\profapi.dll
0x00007ffd59170000 - 0x00007ffd591cd000 	C:\WINDOWS\System32\powrprof.dll
0x00007ffd5cd30000 - 0x00007ffd5cd82000 	C:\WINDOWS\System32\shlwapi.dll
0x00007ffd59130000 - 0x00007ffd59141000 	C:\WINDOWS\System32\kernel.appcore.dll
0x00007ffd5a310000 - 0x00007ffd5a327000 	C:\WINDOWS\System32\cryptsp.dll
0x00007ffd4e920000 - 0x00007ffd4e93a000 	C:\Program Files\JetBrains\IntelliJ IDEA Community Edition 2018.3.1\bin\breakgen64.dll
0x000000006ae00000 - 0x000000006ae1a000 	C:\Program Files\Java\jdk1.8.0_144\jre\bin\net.dll
0x00007ffd58930000 - 0x00007ffd58997000 	C:\WINDOWS\system32\mswsock.dll
0x000000006adf0000 - 0x000000006adfd000 	C:\Program Files\Java\jdk1.8.0_144\jre\bin\management.dll
0x00007ffd4bfe0000 - 0x00007ffd4bff6000 	C:\WINDOWS\system32\napinsp.dll
0x00007ffd4bf50000 - 0x00007ffd4bf6a000 	C:\WINDOWS\system32\pnrpnsp.dll
0x00007ffd586d0000 - 0x00007ffd58796000 	C:\WINDOWS\SYSTEM32\DNSAPI.dll
0x00007ffd5cf00000 - 0x00007ffd5cf08000 	C:\WINDOWS\System32\NSI.dll
0x00007ffd58690000 - 0x00007ffd586cd000 	C:\WINDOWS\SYSTEM32\IPHLPAPI.DLL
0x00007ffd4bf30000 - 0x00007ffd4bf3e000 	C:\WINDOWS\System32\winrnr.dll
0x00007ffd559f0000 - 0x00007ffd55a0b000 	C:\WINDOWS\system32\NLAapi.dll
0x00007ffd4bf10000 - 0x00007ffd4bf25000 	C:\WINDOWS\system32\wshbth.dll
0x00007ffd51600000 - 0x00007ffd5160a000 	C:\Windows\System32\rasadhlp.dll
0x00007ffd52b60000 - 0x00007ffd52bd9000 	C:\WINDOWS\System32\fwpuclnt.dll
0x00007ffd5a210000 - 0x00007ffd5a236000 	C:\WINDOWS\System32\bcrypt.dll
0x000000006add0000 - 0x000000006ade1000 	C:\Program Files\Java\jdk1.8.0_144\jre\bin\nio.dll
0x00007ffd584f0000 - 0x00007ffd58523000 	C:\WINDOWS\system32\rsaenh.dll
0x00007ffd59000000 - 0x00007ffd59028000 	C:\WINDOWS\SYSTEM32\USERENV.dll
0x00007ffd58b00000 - 0x00007ffd58b0c000 	C:\WINDOWS\SYSTEM32\CRYPTBASE.dll
0x00007ffd52d90000 - 0x00007ffd52da6000 	C:\WINDOWS\SYSTEM32\dhcpcsvc6.DLL
0x00007ffd52d70000 - 0x00007ffd52d8c000 	C:\WINDOWS\SYSTEM32\dhcpcsvc.DLL

VM Arguments:
jvm_args: -javaagent:C:\Program Files\JetBrains\IntelliJ IDEA Community Edition 2018.3.1\lib\idea_rt.jar=50532:C:\Program Files\JetBrains\IntelliJ IDEA Community Edition 2018.3.1\bin -Dfile.encoding=UTF-8 
java_command: com.varga.parcial.ParcialApplication
java_class_path (initial): C:\Program Files\Java\jdk1.8.0_144\jre\lib\charsets.jar;C:\Program Files\Java\jdk1.8.0_144\jre\lib\deploy.jar;C:\Program Files\Java\jdk1.8.0_144\jre\lib\ext\access-bridge-64.jar;C:\Program Files\Java\jdk1.8.0_144\jre\lib\ext\cldrdata.jar;C:\Program Files\Java\jdk1.8.0_144\jre\lib\ext\dnsns.jar;C:\Program Files\Java\jdk1.8.0_144\jre\lib\ext\jaccess.jar;C:\Program Files\Java\jdk1.8.0_144\jre\lib\ext\jfxrt.jar;C:\Program Files\Java\jdk1.8.0_144\jre\lib\ext\localedata.jar;C:\Program Files\Java\jdk1.8.0_144\jre\lib\ext\nashorn.jar;C:\Program Files\Java\jdk1.8.0_144\jre\lib\ext\sunec.jar;C:\Program Files\Java\jdk1.8.0_144\jre\lib\ext\sunjce_provider.jar;C:\Program Files\Java\jdk1.8.0_144\jre\lib\ext\sunmscapi.jar;C:\Program Files\Java\jdk1.8.0_144\jre\lib\ext\sunpkcs11.jar;C:\Program Files\Java\jdk1.8.0_144\jre\lib\ext\zipfs.jar;C:\Program Files\Java\jdk1.8.0_144\jre\lib\javaws.jar;C:\Program Files\Java\jdk1.8.0_144\jre\lib\jce.jar;C:\Program Files\Java\jdk1.8.0_144\jre\lib\jfr.jar;C:\Program Files\Java\jdk1.8.0_144\jre\lib\jfxswt.jar;C:\Program Files\Java\jdk1.8.0_144\jre\lib\jsse.jar;C:\Program Files\Java\jdk1.8.0_144\jre\lib\management-agent.jar;C:\Program Files\Java\jdk1.8.0_144\jre\lib\plugin.jar;C:\Program Files\Java\jdk1.8.0_144\jre\lib\resources.jar;C:\Program Files\Java\jdk1.8.0_144\jre\lib\rt.jar;D:\parcial\target\classes;C:\Users\usuario\.m2\repository\org\springframework\boot\spring-boot-starter-data-jpa\2.1.5.RELEASE\spring-boot-starter-data-jpa-2.1.5.RELEASE.jar;C:\Users\usuario\.m2\repository\org\springframework\boot\spring-boot-starter-aop\2.1.5.RELEASE\spring-boot-starter-aop-2.1.5.RELEASE.jar;C:\Users\usuario\.m2\repository\org\springframework\spring-aop\5.1.7.RELEASE\spring-aop-5.1.7.RELEASE.jar;C:\Users\usuario\.m2\repository\org\aspectj\aspectjweaver\1.9.4\aspectjweaver-1.9.4.jar;C:\Users\usuario\.m2\repository\org\springframework\boot\spring-boot-starter-jdbc\2.1.5.RELEASE\spring-boot-starter-jdbc-2.1.5.RELEASE.jar;C:\Use
Launcher Type: SUN_STANDARD

Environment Variables:
JAVA_HOME=C:\Program Files\Java\jdk1.8.0_191
PATH=C:\Program Files (x86)\Common Files\Oracle\Java\javapath;C:\ProgramData\Oracle\Java\javapath;C:\WINDOWS\system32;C:\WINDOWS;C:\WINDOWS\System32\Wbem;C:\WINDOWS\System32\WindowsPowerShell\v1.0\;C:\WINDOWS\System32\OpenSSH\;C:\Program Files\Orca3D (64-bit);C:\Program Files\Java\jdk1.8.0_191\bin;C:\Users\usuario\AppData\Local\Programs\Python\Python37\Scripts\;C:\Users\usuario\AppData\Local\Programs\Python\Python37\;C:\Users\usuario\AppData\Local\Microsoft\WindowsApps;;C:\Users\usuario\AppData\Local\Programs\Microsoft VS Code\bin
USERNAME=usuario
OS=Windows_NT
PROCESSOR_IDENTIFIER=Intel64 Family 6 Model 42 Stepping 7, GenuineIntel



---------------  S Y S T E M  ---------------

OS: Windows 10.0 , 64 bit Build 17763 (10.0.17763.292)

CPU:total 4 (initial active 4) (2 cores per cpu, 2 threads per core) family 6 model 42 stepping 7, cmov, cx8, fxsr, mmx, sse, sse2, sse3, ssse3, sse4.1, sse4.2, popcnt, avx, clmul, ht, tsc, tscinvbit

Memory: 4k page, physical 4109748k(350612k free), swap 4371892k(5712k free)

vm_info: Java HotSpot(TM) 64-Bit Server VM (25.144-b01) for windows-amd64 JRE (1.8.0_144-b01), built on Jul 21 2017 21:57:33 by "java_re" with MS VC++ 10.0 (VS2010)

time: Wed Jun 05 19:42:35 2019
elapsed time: 19 seconds (0d 0h 0m 19s)

