#
# There is insufficient memory for the Java Runtime Environment to continue.
# Native memory allocation (malloc) failed to allocate 524304 bytes for Chunk::new
# Possible reasons:
#   The system is out of physical RAM or swap space
#   In 32 bit mode, the process size limit was hit
# Possible solutions:
#   Reduce memory load on the system
#   Increase physical memory or swap space
#   Check if swap backing store is full
#   Use 64 bit Java on a 64 bit OS
#   Decrease Java heap size (-Xmx/-Xms)
#   Decrease number of Java threads
#   Decrease Java thread stack sizes (-Xss)
#   Set larger code cache with -XX:ReservedCodeCacheSize=
# This output file may be truncated or incomplete.
#
#  Out of Memory Error (allocation.cpp:390), pid=3728, tid=0x0000000000002158
#
# JRE version: Java(TM) SE Runtime Environment (8.0_144-b01) (build 1.8.0_144-b01)
# Java VM: Java HotSpot(TM) 64-Bit Server VM (25.144-b01 mixed mode windows-amd64 compressed oops)
# Failed to write core dump. Minidumps are not enabled by default on client versions of Windows
#

---------------  T H R E A D  ---------------

Current thread (0x0000000017177800):  JavaThread "C2 CompilerThread1" daemon [_thread_in_native, id=8536, stack(0x00000000174f0000,0x00000000175f0000)]

Stack: [0x00000000174f0000,0x00000000175f0000]
[error occurred during error reporting (printing stack bounds), id 0xc0000005]

Native frames: (J=compiled Java code, j=interpreted, Vv=VM code, C=native code)


Current CompileTask:
C2:   6580 2108       4       java.net.URLClassLoader$1::run (5 bytes)


---------------  P R O C E S S  ---------------

Java Threads: ( => current thread )
  0x0000000017259000 JavaThread "Service Thread" daemon [_thread_blocked, id=6128, stack(0x00000000176f0000,0x00000000177f0000)]
  0x00000000171a8800 JavaThread "C1 CompilerThread2" daemon [_thread_blocked, id=840, stack(0x00000000175f0000,0x00000000176f0000)]
=>0x0000000017177800 JavaThread "C2 CompilerThread1" daemon [_thread_in_native, id=8536, stack(0x00000000174f0000,0x00000000175f0000)]
  0x0000000017176800 JavaThread "C2 CompilerThread0" daemon [_thread_in_native, id=4196, stack(0x00000000173f0000,0x00000000174f0000)]
  0x00000000171eb800 JavaThread "Monitor Ctrl-Break" daemon [_thread_in_native, id=972, stack(0x00000000172f0000,0x00000000173f0000)]
  0x0000000015842000 JavaThread "Attach Listener" daemon [_thread_blocked, id=7176, stack(0x0000000016de0000,0x0000000016ee0000)]
  0x0000000015841000 JavaThread "Signal Dispatcher" daemon [_thread_blocked, id=5676, stack(0x0000000016ce0000,0x0000000016de0000)]
  0x00000000031fc800 JavaThread "Finalizer" daemon [_thread_blocked, id=9060, stack(0x0000000016ab0000,0x0000000016bb0000)]
  0x00000000031f7000 JavaThread "Reference Handler" daemon [_thread_blocked, id=500, stack(0x00000000169b0000,0x0000000016ab0000)]
  0x0000000003105000 JavaThread "main" [_thread_in_vm, id=6592, stack(0x0000000001710000,0x0000000001810000)]

Other Threads:
  0x0000000015807000 VMThread [stack: 0x00000000168b0000,0x00000000169b0000] [id=8396]
  0x0000000017256000 WatcherThread [stack: 0x0000000018150000,0x0000000018250000] [id=5260]

VM state:not at safepoint (normal execution)

VM Mutex/Monitor currently owned by a thread: None

Heap:
 PSYoungGen      total 70144K, used 26819K [0x00000000eb180000, 0x00000000f1f80000, 0x0000000100000000)
  eden space 64512K, 36% used [0x00000000eb180000,0x00000000ec85ab60,0x00000000ef080000)
  from space 5632K, 60% used [0x00000000ef700000,0x00000000efa56210,0x00000000efc80000)
  to   space 6656K, 0% used [0x00000000ef080000,0x00000000ef080000,0x00000000ef700000)
 ParOldGen       total 32256K, used 6594K [0x00000000c1400000, 0x00000000c3380000, 0x00000000eb180000)
  object space 32256K, 20% used [0x00000000c1400000,0x00000000c1a70a30,0x00000000c3380000)
 Metaspace       used 25002K, capacity 25838K, committed 25984K, reserved 1071104K
  class space    used 3200K, capacity 3389K, committed 3456K, reserved 1048576K

Card table byte_map: [0x00000000125d0000,0x00000000127d0000] byte_map_base: 0x0000000011fc6000

Marking Bits: (ParMarkBitMap*) 0x000000006b6cd850
 Begin Bits: [0x0000000012d20000, 0x0000000013cd0000)
 End Bits:   [0x0000000013cd0000, 0x0000000014c80000)

Polling page: 0x00000000012d0000

CodeCache: size=245760Kb used=7955Kb max_used=7955Kb free=237804Kb
 bounds [0x0000000003210000, 0x00000000039e0000, 0x0000000012210000]
 total_blobs=2565 nmethods=2175 adapters=302
 compilation: enabled

Compilation events (10 events):
Event: 6.543 Thread 0x00000000171a8800 nmethod 2148 0x00000000039c7f10 code [0x00000000039c8060, 0x00000000039c8170]
Event: 6.543 Thread 0x00000000171a8800 2149       3       java.util.HashMap::isEmpty (13 bytes)
Event: 6.543 Thread 0x00000000171a8800 nmethod 2149 0x00000000039c81d0 code [0x00000000039c8320, 0x00000000039c84d0]
Event: 6.544 Thread 0x00000000171a8800 2150       3       org.springframework.boot.autoconfigure.condition.ConditionMessage$Builder::because (78 bytes)
Event: 6.545 Thread 0x00000000171a8800 nmethod 2150 0x00000000039c8550 code [0x00000000039c87a0, 0x00000000039c95d8]
Event: 6.545 Thread 0x00000000171a8800 2151       3       org.springframework.boot.autoconfigure.condition.ConditionMessage::<init> (7 bytes)
Event: 6.545 Thread 0x00000000171a8800 nmethod 2151 0x00000000039c9b50 code [0x00000000039c9cc0, 0x00000000039c9e48]
Event: 6.546 Thread 0x00000000171a8800 2152       3       java.util.concurrent.CopyOnWriteArrayList::iterator (14 bytes)
Event: 6.546 Thread 0x00000000171a8800 nmethod 2152 0x00000000039c9f10 code [0x00000000039ca080, 0x00000000039ca3f0]
Event: 6.547 Thread 0x00000000171a8800 2153       3       sun.invoke.util.VerifyAccess::isMemberAccessible (261 bytes)

GC Heap History (10 events):
Event: 3.066 GC heap before
{Heap before GC invocations=5 (full 0):
 PSYoungGen      total 35328K, used 35312K [0x00000000eb180000, 0x00000000ed680000, 0x0000000100000000)
  eden space 32768K, 100% used [0x00000000eb180000,0x00000000ed180000,0x00000000ed180000)
  from space 2560K, 99% used [0x00000000ed400000,0x00000000ed67c010,0x00000000ed680000)
  to   space 2560K, 0% used [0x00000000ed180000,0x00000000ed180000,0x00000000ed400000)
 ParOldGen       total 44032K, used 3536K [0x00000000c1400000, 0x00000000c3f00000, 0x00000000eb180000)
  object space 44032K, 8% used [0x00000000c1400000,0x00000000c1774380,0x00000000c3f00000)
 Metaspace       used 15304K, capacity 15760K, committed 16000K, reserved 1062912K
  class space    used 2019K, capacity 2142K, committed 2176K, reserved 1048576K
Event: 3.073 GC heap after
Heap after GC invocations=5 (full 0):
 PSYoungGen      total 35328K, used 2528K [0x00000000eb180000, 0x00000000efc80000, 0x0000000100000000)
  eden space 32768K, 0% used [0x00000000eb180000,0x00000000eb180000,0x00000000ed180000)
  from space 2560K, 98% used [0x00000000ed180000,0x00000000ed3f8020,0x00000000ed400000)
  to   space 5632K, 0% used [0x00000000ef700000,0x00000000ef700000,0x00000000efc80000)
 ParOldGen       total 44032K, used 6297K [0x00000000c1400000, 0x00000000c3f00000, 0x00000000eb180000)
  object space 44032K, 14% used [0x00000000c1400000,0x00000000c1a26778,0x00000000c3f00000)
 Metaspace       used 15304K, capacity 15760K, committed 16000K, reserved 1062912K
  class space    used 2019K, capacity 2142K, committed 2176K, reserved 1048576K
}
Event: 4.294 GC heap before
{Heap before GC invocations=6 (full 0):
 PSYoungGen      total 35328K, used 35296K [0x00000000eb180000, 0x00000000efc80000, 0x0000000100000000)
  eden space 32768K, 100% used [0x00000000eb180000,0x00000000ed180000,0x00000000ed180000)
  from space 2560K, 98% used [0x00000000ed180000,0x00000000ed3f8020,0x00000000ed400000)
  to   space 5632K, 0% used [0x00000000ef700000,0x00000000ef700000,0x00000000efc80000)
 ParOldGen       total 44032K, used 6297K [0x00000000c1400000, 0x00000000c3f00000, 0x00000000eb180000)
  object space 44032K, 14% used [0x00000000c1400000,0x00000000c1a26778,0x00000000c3f00000)
 Metaspace       used 19202K, capacity 19810K, committed 20096K, reserved 1067008K
  class space    used 2447K, capacity 2603K, committed 2688K, reserved 1048576K
Event: 4.301 GC heap after
Heap after GC invocations=6 (full 0):
 PSYoungGen      total 69632K, used 5627K [0x00000000eb180000, 0x00000000eff80000, 0x0000000100000000)
  eden space 64000K, 0% used [0x00000000eb180000,0x00000000eb180000,0x00000000ef000000)
  from space 5632K, 99% used [0x00000000ef700000,0x00000000efc7ef88,0x00000000efc80000)
  to   space 7168K, 0% used [0x00000000ef000000,0x00000000ef000000,0x00000000ef700000)
 ParOldGen       total 44032K, used 7313K [0x00000000c1400000, 0x00000000c3f00000, 0x00000000eb180000)
  object space 44032K, 16% used [0x00000000c1400000,0x00000000c1b24498,0x00000000c3f00000)
 Metaspace       used 19202K, capacity 19810K, committed 20096K, reserved 1067008K
  class space    used 2447K, capacity 2603K, committed 2688K, reserved 1048576K
}
Event: 4.860 GC heap before
{Heap before GC invocations=7 (full 0):
 PSYoungGen      total 69632K, used 21202K [0x00000000eb180000, 0x00000000eff80000, 0x0000000100000000)
  eden space 64000K, 24% used [0x00000000eb180000,0x00000000ec0b5bf0,0x00000000ef000000)
  from space 5632K, 99% used [0x00000000ef700000,0x00000000efc7ef88,0x00000000efc80000)
  to   space 7168K, 0% used [0x00000000ef000000,0x00000000ef000000,0x00000000ef700000)
 ParOldGen       total 44032K, used 7313K [0x00000000c1400000, 0x00000000c3f00000, 0x00000000eb180000)
  object space 44032K, 16% used [0x00000000c1400000,0x00000000c1b24498,0x00000000c3f00000)
 Metaspace       used 20613K, capacity 21166K, committed 21248K, reserved 1067008K
  class space    used 2640K, capacity 2775K, committed 2816K, reserved 1048576K
Event: 4.874 GC heap after
Heap after GC invocations=7 (full 0):
 PSYoungGen      total 71168K, used 3879K [0x00000000eb180000, 0x00000000eff80000, 0x0000000100000000)
  eden space 64000K, 0% used [0x00000000eb180000,0x00000000eb180000,0x00000000ef000000)
  from space 7168K, 54% used [0x00000000ef000000,0x00000000ef3c9c68,0x00000000ef700000)
  to   space 5632K, 0% used [0x00000000ef700000,0x00000000ef700000,0x00000000efc80000)
 ParOldGen       total 44032K, used 8779K [0x00000000c1400000, 0x00000000c3f00000, 0x00000000eb180000)
  object space 44032K, 19% used [0x00000000c1400000,0x00000000c1c92e20,0x00000000c3f00000)
 Metaspace       used 20613K, capacity 21166K, committed 21248K, reserved 1067008K
  class space    used 2640K, capacity 2775K, committed 2816K, reserved 1048576K
}
Event: 4.874 GC heap before
{Heap before GC invocations=8 (full 1):
 PSYoungGen      total 71168K, used 3879K [0x00000000eb180000, 0x00000000eff80000, 0x0000000100000000)
  eden space 64000K, 0% used [0x00000000eb180000,0x00000000eb180000,0x00000000ef000000)
  from space 7168K, 54% used [0x00000000ef000000,0x00000000ef3c9c68,0x00000000ef700000)
  to   space 5632K, 0% used [0x00000000ef700000,0x00000000ef700000,0x00000000efc80000)
 ParOldGen       total 44032K, used 8779K [0x00000000c1400000, 0x00000000c3f00000, 0x00000000eb180000)
  object space 44032K, 19% used [0x00000000c1400000,0x00000000c1c92e20,0x00000000c3f00000)
 Metaspace       used 20613K, capacity 21166K, committed 21248K, reserved 1067008K
  class space    used 2640K, capacity 2775K, committed 2816K, reserved 1048576K
Event: 4.920 GC heap after
Heap after GC invocations=8 (full 1):
 PSYoungGen      total 71168K, used 0K [0x00000000eb180000, 0x00000000eff80000, 0x0000000100000000)
  eden space 64000K, 0% used [0x00000000eb180000,0x00000000eb180000,0x00000000ef000000)
  from space 7168K, 0% used [0x00000000ef000000,0x00000000ef000000,0x00000000ef700000)
  to   space 5632K, 0% used [0x00000000ef700000,0x00000000ef700000,0x00000000efc80000)
 ParOldGen       total 32256K, used 6522K [0x00000000c1400000, 0x00000000c3380000, 0x00000000eb180000)
  object space 32256K, 20% used [0x00000000c1400000,0x00000000c1a5ea20,0x00000000c3380000)
 Metaspace       used 20611K, capacity 21160K, committed 21248K, reserved 1067008K
  class space    used 2639K, capacity 2774K, committed 2816K, reserved 1048576K
}
Event: 5.928 GC heap before
{Heap before GC invocations=9 (full 1):
 PSYoungGen      total 71168K, used 64000K [0x00000000eb180000, 0x00000000eff80000, 0x0000000100000000)
  eden space 64000K, 100% used [0x00000000eb180000,0x00000000ef000000,0x00000000ef000000)
  from space 7168K, 0% used [0x00000000ef000000,0x00000000ef000000,0x00000000ef700000)
  to   space 5632K, 0% used [0x00000000ef700000,0x00000000ef700000,0x00000000efc80000)
 ParOldGen       total 32256K, used 6522K [0x00000000c1400000, 0x00000000c3380000, 0x00000000eb180000)
  object space 32256K, 20% used [0x00000000c1400000,0x00000000c1a5ea20,0x00000000c3380000)
 Metaspace       used 23027K, capacity 23770K, committed 23936K, reserved 1071104K
  class space    used 2933K, capacity 3125K, committed 3200K, reserved 1048576K
Event: 5.932 GC heap after
Heap after GC invocations=9 (full 1):
 PSYoungGen      total 70144K, used 3416K [0x00000000eb180000, 0x00000000f1f80000, 0x0000000100000000)
  eden space 64512K, 0% used [0x00000000eb180000,0x00000000eb180000,0x00000000ef080000)
  from space 5632K, 60% used [0x00000000ef700000,0x00000000efa56210,0x00000000efc80000)
  to   space 6656K, 0% used [0x00000000ef080000,0x00000000ef080000,0x00000000ef700000)
 ParOldGen       total 32256K, used 6594K [0x00000000c1400000, 0x00000000c3380000, 0x00000000eb180000)
  object space 32256K, 20% used [0x00000000c1400000,0x00000000c1a70a30,0x00000000c3380000)
 Metaspace       used 23027K, capacity 23770K, committed 23936K, reserved 1071104K
  class space    used 2933K, capacity 3125K, committed 3200K, reserved 1048576K
}

Deoptimization events (10 events):
Event: 3.177 Thread 0x0000000017c89800 Uncommon trap: reason=unstable_if action=reinterpret pc=0x00000000035cb5c4 method=java.util.jar.Manifest$FastInputStream.readLine([BII)I @ 87
Event: 3.397 Thread 0x0000000003105000 Uncommon trap: reason=unstable_if action=reinterpret pc=0x0000000003504d88 method=java.io.WinNTFileSystem.normalize(Ljava/lang/String;)Ljava/lang/String; @ 128
Event: 5.075 Thread 0x0000000017c89800 Uncommon trap: reason=unstable_if action=reinterpret pc=0x00000000036ad668 method=jdk.internal.org.objectweb.asm.Type.getArgumentsAndReturnSizes(Ljava/lang/String;)I @ 47
Event: 5.236 Thread 0x0000000003105000 Uncommon trap: reason=unstable_if action=reinterpret pc=0x00000000035804d4 method=org.springframework.boot.context.properties.source.ConfigurationPropertyName$ElementsParser.updateType(Lorg/springframework/boot/context/properties/source/ConfigurationPrope
Event: 5.742 Thread 0x0000000017c89800 Uncommon trap: reason=unstable_if action=reinterpret pc=0x0000000003863e60 method=com.sun.org.apache.xerces.internal.impl.XMLEntityScanner.scanLiteral(ILcom/sun/org/apache/xerces/internal/xni/XMLString;Z)I @ 570
Event: 5.759 Thread 0x0000000017c89800 Uncommon trap: reason=unstable_if action=reinterpret pc=0x00000000038430f4 method=com.sun.org.apache.xerces.internal.impl.XMLEntityScanner.checkBeforeLoad(Lcom/sun/xml/internal/stream/Entity$ScannedEntity;II)I @ 18
Event: 5.845 Thread 0x0000000017c89800 Uncommon trap: reason=unstable_if action=reinterpret pc=0x000000000386829c method=com.sun.org.apache.xerces.internal.impl.XMLEntityScanner.skipSpaces()Z @ 125
Event: 5.894 Thread 0x0000000017c89800 Uncommon trap: reason=unstable_if action=reinterpret pc=0x00000000038bab84 method=org.apache.tomcat.util.IntrospectionUtils.setProperty(Ljava/lang/Object;Ljava/lang/String;Ljava/lang/String;Z)Z @ 196
Event: 5.906 Thread 0x0000000017c89800 Uncommon trap: reason=unstable_if action=reinterpret pc=0x00000000038cf7ac method=com.sun.org.apache.xerces.internal.util.SymbolTable.addSymbol([CII)Ljava/lang/String; @ 38
Event: 5.921 Thread 0x0000000017c89800 Uncommon trap: reason=unstable_if action=reinterpret pc=0x0000000003894f8c method=com.sun.org.apache.xerces.internal.util.SymbolTable.addSymbol([CII)Ljava/lang/String; @ 38

Internal exceptions (10 events):
Event: 3.303 Thread 0x0000000003105000 Exception <a 'java/lang/ClassNotFoundException': org/springframework/core/OrderedCustomizer> (0x00000000eb7a1d80) thrown at [C:\re\workspace\8-2-build-windows-amd64-cygwin\jdk8u144\9417\hotspot\src\share\vm\classfile\systemDictionary.cpp, line 210]
Event: 3.303 Thread 0x0000000003105000 Exception <a 'java/lang/ClassNotFoundException': org/springframework/context/ResourceLoaderAwareCustomizer> (0x00000000eb7b5a10) thrown at [C:\re\workspace\8-2-build-windows-amd64-cygwin\jdk8u144\9417\hotspot\src\share\vm\classfile\systemDictionary.cpp, l
Event: 3.304 Thread 0x0000000003105000 Exception <a 'java/lang/ClassNotFoundException': org/springframework/beans/factory/AwareCustomizer> (0x00000000eb814730) thrown at [C:\re\workspace\8-2-build-windows-amd64-cygwin\jdk8u144\9417\hotspot\src\share\vm\classfile\systemDictionary.cpp, line 210]
Event: 3.304 Thread 0x0000000003105000 Exception <a 'java/lang/ClassNotFoundException': org/springframework/beans/factory/BeanClassLoaderAwareCustomizer> (0x00000000eb8293e0) thrown at [C:\re\workspace\8-2-build-windows-amd64-cygwin\jdk8u144\9417\hotspot\src\share\vm\classfile\systemDictionary
Event: 3.304 Thread 0x0000000003105000 Exception <a 'java/lang/ClassNotFoundException': org/springframework/beans/factory/AwareCustomizer> (0x00000000eb83b708) thrown at [C:\re\workspace\8-2-build-windows-amd64-cygwin\jdk8u144\9417\hotspot\src\share\vm\classfile\systemDictionary.cpp, line 210]
Event: 3.305 Thread 0x0000000003105000 Exception <a 'java/lang/ClassNotFoundException': org/springframework/context/EnvironmentAwareCustomizer> (0x00000000eb84dc08) thrown at [C:\re\workspace\8-2-build-windows-amd64-cygwin\jdk8u144\9417\hotspot\src\share\vm\classfile\systemDictionary.cpp, line
Event: 3.306 Thread 0x0000000003105000 Exception <a 'java/lang/ClassNotFoundException': org/springframework/beans/factory/AwareCustomizer> (0x00000000eb85fe10) thrown at [C:\re\workspace\8-2-build-windows-amd64-cygwin\jdk8u144\9417\hotspot\src\share\vm\classfile\systemDictionary.cpp, line 210]
Event: 3.404 Thread 0x0000000003105000 Exception <a 'java/lang/NoSuchMethodError': java.lang.Object.lambda$comparing$77a9974f$1(Ljava/util/function/Function;Ljava/lang/Object;Ljava/lang/Object;)I> (0x00000000ebcc3568) thrown at [C:\re\workspace\8-2-build-windows-amd64-cygwin\jdk8u144\9417\hots
Event: 4.677 Thread 0x0000000003105000 Exception <a 'java/lang/IncompatibleClassChangeError': Found class java.lang.Object, but interface was expected> (0x00000000eb9e9b90) thrown at [C:\re\workspace\8-2-build-windows-amd64-cygwin\jdk8u144\9417\hotspot\src\share\vm\interpreter\linkResolver.cpp
Event: 5.082 Thread 0x0000000017c89800 Exception <a 'java/lang/IncompatibleClassChangeError': Found class java.lang.Object, but interface was expected> (0x00000000eb8918f0) thrown at [C:\re\workspace\8-2-build-windows-amd64-cygwin\jdk8u144\9417\hotspot\src\share\vm\interpreter\linkResolver.cpp

Events (10 events):
Event: 6.545 loading class org/springframework/core/ResolvableType
Event: 6.545 loading class org/springframework/core/ResolvableType done
Event: 6.545 loading class org/springframework/boot/autoconfigure/condition/OnBeanCondition$BeanSearchSpec
Event: 6.545 loading class org/springframework/boot/autoconfigure/condition/OnBeanCondition$BeanSearchSpec done
Event: 6.546 Executing VM operation: Deoptimize
Event: 6.546 Executing VM operation: Deoptimize done
Event: 6.546 loading class org/springframework/web/context/request/RequestContextListener
Event: 6.546 loading class org/springframework/web/context/request/RequestContextListener done
Event: 6.547 loading class javax/servlet/ServletRequestListener
Event: 6.547 loading class javax/servlet/ServletRequestListener done


Dynamic libraries:
0x00007ff6eb470000 - 0x00007ff6eb4a7000 	C:\Program Files\Java\jdk1.8.0_144\bin\java.exe
0x00007ffd5d100000 - 0x00007ffd5d2ed000 	C:\WINDOWS\SYSTEM32\ntdll.dll
0x00007ffd5a870000 - 0x00007ffd5a923000 	C:\WINDOWS\System32\KERNEL32.DLL
0x00007ffd591d0000 - 0x00007ffd59463000 	C:\WINDOWS\System32\KERNELBASE.dll
0x00007ffd5a930000 - 0x00007ffd5a9d3000 	C:\WINDOWS\System32\ADVAPI32.dll
0x00007ffd5caf0000 - 0x00007ffd5cb8e000 	C:\WINDOWS\System32\msvcrt.dll
0x00007ffd5ab40000 - 0x00007ffd5abde000 	C:\WINDOWS\System32\sechost.dll
0x00007ffd5a9e0000 - 0x00007ffd5ab02000 	C:\WINDOWS\System32\RPCRT4.dll
0x00007ffd5c950000 - 0x00007ffd5cae7000 	C:\WINDOWS\System32\USER32.dll
0x00007ffd5a150000 - 0x00007ffd5a170000 	C:\WINDOWS\System32\win32u.dll
0x00007ffd5ab10000 - 0x00007ffd5ab39000 	C:\WINDOWS\System32\GDI32.dll
0x00007ffd59520000 - 0x00007ffd596ba000 	C:\WINDOWS\System32\gdi32full.dll
0x00007ffd5a170000 - 0x00007ffd5a210000 	C:\WINDOWS\System32\msvcp_win.dll
0x00007ffd59e10000 - 0x00007ffd59f0c000 	C:\WINDOWS\System32\ucrtbase.dll
0x00007ffd4e270000 - 0x00007ffd4e4e9000 	C:\WINDOWS\WinSxS\amd64_microsoft.windows.common-controls_6595b64144ccf1df_6.0.17763.316_none_05b53be2071f46b6\COMCTL32.dll
0x00007ffd5a490000 - 0x00007ffd5a7bd000 	C:\WINDOWS\System32\combase.dll
0x00007ffd5a240000 - 0x00007ffd5a2be000 	C:\WINDOWS\System32\bcryptPrimitives.dll
0x00007ffd5a840000 - 0x00007ffd5a86e000 	C:\WINDOWS\System32\IMM32.DLL
0x000000006b750000 - 0x000000006b822000 	C:\Program Files\Java\jdk1.8.0_144\jre\bin\msvcr100.dll
0x000000006aeb0000 - 0x000000006b74d000 	C:\Program Files\Java\jdk1.8.0_144\jre\bin\server\jvm.dll
0x00007ffd5cf10000 - 0x00007ffd5cf18000 	C:\WINDOWS\System32\PSAPI.DLL
0x00007ffd48b20000 - 0x00007ffd48b29000 	C:\WINDOWS\SYSTEM32\WSOCK32.dll
0x00007ffd5d060000 - 0x00007ffd5d0cd000 	C:\WINDOWS\System32\WS2_32.dll
0x00007ffd56d70000 - 0x00007ffd56d94000 	C:\WINDOWS\SYSTEM32\WINMM.dll
0x00007ffd52070000 - 0x00007ffd5207a000 	C:\WINDOWS\SYSTEM32\VERSION.dll
0x00007ffd56d40000 - 0x00007ffd56d6d000 	C:\WINDOWS\SYSTEM32\winmmbase.dll
0x00007ffd5a2c0000 - 0x00007ffd5a30a000 	C:\WINDOWS\System32\cfgmgr32.dll
0x000000006aea0000 - 0x000000006aeaf000 	C:\Program Files\Java\jdk1.8.0_144\jre\bin\verify.dll
0x000000006ae70000 - 0x000000006ae99000 	C:\Program Files\Java\jdk1.8.0_144\jre\bin\java.dll
0x000000006ae20000 - 0x000000006ae43000 	C:\Program Files\Java\jdk1.8.0_144\jre\bin\instrument.dll
0x000000006ae50000 - 0x000000006ae66000 	C:\Program Files\Java\jdk1.8.0_144\jre\bin\zip.dll
0x00007ffd5b3b0000 - 0x00007ffd5c89f000 	C:\WINDOWS\System32\SHELL32.dll
0x00007ffd5c8a0000 - 0x00007ffd5c948000 	C:\WINDOWS\System32\shcore.dll
0x00007ffd596c0000 - 0x00007ffd59e0a000 	C:\WINDOWS\System32\windows.storage.dll
0x00007ffd59100000 - 0x00007ffd59124000 	C:\WINDOWS\System32\profapi.dll
0x00007ffd59170000 - 0x00007ffd591cd000 	C:\WINDOWS\System32\powrprof.dll
0x00007ffd5cd30000 - 0x00007ffd5cd82000 	C:\WINDOWS\System32\shlwapi.dll
0x00007ffd59130000 - 0x00007ffd59141000 	C:\WINDOWS\System32\kernel.appcore.dll
0x00007ffd5a310000 - 0x00007ffd5a327000 	C:\WINDOWS\System32\cryptsp.dll
0x00007ffd4d8c0000 - 0x00007ffd4d8da000 	C:\Program Files\JetBrains\IntelliJ IDEA Community Edition 2018.3.1\bin\breakgen64.dll
0x000000006ae00000 - 0x000000006ae1a000 	C:\Program Files\Java\jdk1.8.0_144\jre\bin\net.dll
0x00007ffd58930000 - 0x00007ffd58997000 	C:\WINDOWS\system32\mswsock.dll
0x000000006add0000 - 0x000000006addd000 	C:\Program Files\Java\jdk1.8.0_144\jre\bin\management.dll
0x00007ffd4bfe0000 - 0x00007ffd4bff6000 	C:\WINDOWS\system32\napinsp.dll
0x00007ffd4bf50000 - 0x00007ffd4bf6a000 	C:\WINDOWS\system32\pnrpnsp.dll
0x00007ffd586d0000 - 0x00007ffd58796000 	C:\WINDOWS\SYSTEM32\DNSAPI.dll
0x00007ffd5cf00000 - 0x00007ffd5cf08000 	C:\WINDOWS\System32\NSI.dll
0x00007ffd58690000 - 0x00007ffd586cd000 	C:\WINDOWS\SYSTEM32\IPHLPAPI.DLL
0x00007ffd4bf30000 - 0x00007ffd4bf3e000 	C:\WINDOWS\System32\winrnr.dll
0x00007ffd559f0000 - 0x00007ffd55a0b000 	C:\WINDOWS\system32\NLAapi.dll
0x00007ffd4bf10000 - 0x00007ffd4bf25000 	C:\WINDOWS\system32\wshbth.dll
0x00007ffd51600000 - 0x00007ffd5160a000 	C:\Windows\System32\rasadhlp.dll
0x00007ffd52b60000 - 0x00007ffd52bd9000 	C:\WINDOWS\System32\fwpuclnt.dll
0x00007ffd5a210000 - 0x00007ffd5a236000 	C:\WINDOWS\System32\bcrypt.dll
0x000000006ade0000 - 0x000000006adf1000 	C:\Program Files\Java\jdk1.8.0_144\jre\bin\nio.dll

VM Arguments:
jvm_args: -javaagent:C:\Program Files\JetBrains\IntelliJ IDEA Community Edition 2018.3.1\lib\idea_rt.jar=51560:C:\Program Files\JetBrains\IntelliJ IDEA Community Edition 2018.3.1\bin -Dfile.encoding=UTF-8 
java_command: com.varga.parcial.ParcialApplication
java_class_path (initial): C:\Program Files\Java\jdk1.8.0_144\jre\lib\charsets.jar;C:\Program Files\Java\jdk1.8.0_144\jre\lib\deploy.jar;C:\Program Files\Java\jdk1.8.0_144\jre\lib\ext\access-bridge-64.jar;C:\Program Files\Java\jdk1.8.0_144\jre\lib\ext\cldrdata.jar;C:\Program Files\Java\jdk1.8.0_144\jre\lib\ext\dnsns.jar;C:\Program Files\Java\jdk1.8.0_144\jre\lib\ext\jaccess.jar;C:\Program Files\Java\jdk1.8.0_144\jre\lib\ext\jfxrt.jar;C:\Program Files\Java\jdk1.8.0_144\jre\lib\ext\localedata.jar;C:\Program Files\Java\jdk1.8.0_144\jre\lib\ext\nashorn.jar;C:\Program Files\Java\jdk1.8.0_144\jre\lib\ext\sunec.jar;C:\Program Files\Java\jdk1.8.0_144\jre\lib\ext\sunjce_provider.jar;C:\Program Files\Java\jdk1.8.0_144\jre\lib\ext\sunmscapi.jar;C:\Program Files\Java\jdk1.8.0_144\jre\lib\ext\sunpkcs11.jar;C:\Program Files\Java\jdk1.8.0_144\jre\lib\ext\zipfs.jar;C:\Program Files\Java\jdk1.8.0_144\jre\lib\javaws.jar;C:\Program Files\Java\jdk1.8.0_144\jre\lib\jce.jar;C:\Program Files\Java\jdk1.8.0_144\jre\lib\jfr.jar;C:\Program Files\Java\jdk1.8.0_144\jre\lib\jfxswt.jar;C:\Program Files\Java\jdk1.8.0_144\jre\lib\jsse.jar;C:\Program Files\Java\jdk1.8.0_144\jre\lib\management-agent.jar;C:\Program Files\Java\jdk1.8.0_144\jre\lib\plugin.jar;C:\Program Files\Java\jdk1.8.0_144\jre\lib\resources.jar;C:\Program Files\Java\jdk1.8.0_144\jre\lib\rt.jar;D:\parcial\target\classes;C:\Users\usuario\.m2\repository\org\springframework\boot\spring-boot-starter-data-jpa\2.1.5.RELEASE\spring-boot-starter-data-jpa-2.1.5.RELEASE.jar;C:\Users\usuario\.m2\repository\org\springframework\boot\spring-boot-starter-aop\2.1.5.RELEASE\spring-boot-starter-aop-2.1.5.RELEASE.jar;C:\Users\usuario\.m2\repository\org\springframework\spring-aop\5.1.7.RELEASE\spring-aop-5.1.7.RELEASE.jar;C:\Users\usuario\.m2\repository\org\aspectj\aspectjweaver\1.9.4\aspectjweaver-1.9.4.jar;C:\Users\usuario\.m2\repository\org\springframework\boot\spring-boot-starter-jdbc\2.1.5.RELEASE\spring-boot-starter-jdbc-2.1.5.RELEASE.jar;C:\Use
Launcher Type: SUN_STANDARD

Environment Variables:
JAVA_HOME=C:\Program Files\Java\jdk1.8.0_191
PATH=C:\Program Files (x86)\Common Files\Oracle\Java\javapath;C:\ProgramData\Oracle\Java\javapath;C:\WINDOWS\system32;C:\WINDOWS;C:\WINDOWS\System32\Wbem;C:\WINDOWS\System32\WindowsPowerShell\v1.0\;C:\WINDOWS\System32\OpenSSH\;C:\Program Files\Orca3D (64-bit);C:\Program Files\Java\jdk1.8.0_191\bin;C:\Users\usuario\AppData\Local\Programs\Python\Python37\Scripts\;C:\Users\usuario\AppData\Local\Programs\Python\Python37\;C:\Users\usuario\AppData\Local\Microsoft\WindowsApps;;C:\Users\usuario\AppData\Local\Programs\Microsoft VS Code\bin
USERNAME=usuario
OS=Windows_NT
PROCESSOR_IDENTIFIER=Intel64 Family 6 Model 42 Stepping 7, GenuineIntel



---------------  S Y S T E M  ---------------

OS: Windows 10.0 , 64 bit Build 17763 (10.0.17763.292)

CPU:total 4 (initial active 4) (2 cores per cpu, 2 threads per core) family 6 model 42 stepping 7, cmov, cx8, fxsr, mmx, sse, sse2, sse3, ssse3, sse4.1, sse4.2, popcnt, avx, clmul, ht, tsc, tscinvbit

Memory: 4k page, physical 4109748k(221804k free), swap 4371892k(5404k free)

vm_info: Java HotSpot(TM) 64-Bit Server VM (25.144-b01) for windows-amd64 JRE (1.8.0_144-b01), built on Jul 21 2017 21:57:33 by "java_re" with MS VC++ 10.0 (VS2010)

time: Wed Jun 05 20:44:08 2019
elapsed time: 6 seconds (0d 0h 0m 6s)

