#
# There is insufficient memory for the Java Runtime Environment to continue.
# Native memory allocation (malloc) failed to allocate 32744 bytes for ChunkPool::allocate
# Possible reasons:
#   The system is out of physical RAM or swap space
#   In 32 bit mode, the process size limit was hit
# Possible solutions:
#   Reduce memory load on the system
#   Increase physical memory or swap space
#   Check if swap backing store is full
#   Use 64 bit Java on a 64 bit OS
#   Decrease Java heap size (-Xmx/-Xms)
#   Decrease number of Java threads
#   Decrease Java thread stack sizes (-Xss)
#   Set larger code cache with -XX:ReservedCodeCacheSize=
# This output file may be truncated or incomplete.
#
#  Out of Memory Error (allocation.cpp:273), pid=2860, tid=0x0000000000001554
#
# JRE version: Java(TM) SE Runtime Environment (8.0_144-b01) (build 1.8.0_144-b01)
# Java VM: Java HotSpot(TM) 64-Bit Server VM (25.144-b01 mixed mode windows-amd64 compressed oops)
# Failed to write core dump. Minidumps are not enabled by default on client versions of Windows
#

---------------  T H R E A D  ---------------

Current thread (0x0000000016aca000):  JavaThread "C2 CompilerThread1" daemon [_thread_in_vm, id=5460, stack(0x0000000016dc0000,0x0000000016ec0000)]

Stack: [0x0000000016dc0000,0x0000000016ec0000]
[error occurred during error reporting (printing stack bounds), id 0xc0000005]

Native frames: (J=compiled Java code, j=interpreted, Vv=VM code, C=native code)


Current CompileTask:
C2:   3479 2118   !   4       java.net.URLClassLoader$1::run (63 bytes)


---------------  P R O C E S S  ---------------

Java Threads: ( => current thread )
  0x0000000016b67000 JavaThread "Service Thread" daemon [_thread_blocked, id=1112, stack(0x0000000016fc0000,0x00000000170c0000)]
  0x0000000016b06800 JavaThread "C1 CompilerThread2" daemon [_thread_blocked, id=2304, stack(0x0000000016ec0000,0x0000000016fc0000)]
=>0x0000000016aca000 JavaThread "C2 CompilerThread1" daemon [_thread_in_vm, id=5460, stack(0x0000000016dc0000,0x0000000016ec0000)]
  0x0000000016ac7000 JavaThread "C2 CompilerThread0" daemon [_thread_in_native, id=3056, stack(0x0000000016cc0000,0x0000000016dc0000)]
  0x0000000016a42000 JavaThread "Monitor Ctrl-Break" daemon [_thread_in_native, id=9168, stack(0x0000000016bc0000,0x0000000016cc0000)]
  0x0000000015142000 JavaThread "Attach Listener" daemon [_thread_blocked, id=5304, stack(0x00000000166c0000,0x00000000167c0000)]
  0x0000000015141800 JavaThread "Signal Dispatcher" daemon [_thread_blocked, id=8940, stack(0x00000000165c0000,0x00000000166c0000)]
  0x0000000015130000 JavaThread "Finalizer" daemon [_thread_blocked, id=7704, stack(0x00000000163a0000,0x00000000164a0000)]
  0x0000000002b25800 JavaThread "Reference Handler" daemon [_thread_blocked, id=2556, stack(0x00000000162a0000,0x00000000163a0000)]
  0x0000000002a35000 JavaThread "main" [_thread_in_vm, id=5624, stack(0x00000000027b0000,0x00000000028b0000)]

Other Threads:
  0x0000000015107000 VMThread [stack: 0x00000000161a0000,0x00000000162a0000] [id=8708]
  0x0000000016bbe800 WatcherThread [stack: 0x0000000017a20000,0x0000000017b20000] [id=8228]

VM state:not at safepoint (normal execution)

VM Mutex/Monitor currently owned by a thread: None

Heap:
 PSYoungGen      total 35328K, used 18746K [0x00000000eb180000, 0x00000000ed680000, 0x0000000100000000)
  eden space 32768K, 50% used [0x00000000eb180000,0x00000000ec1a6528,0x00000000ed180000)
  from space 2560K, 86% used [0x00000000ed180000,0x00000000ed3a8550,0x00000000ed400000)
  to   space 2560K, 0% used [0x00000000ed400000,0x00000000ed400000,0x00000000ed680000)
 ParOldGen       total 33280K, used 6682K [0x00000000c1400000, 0x00000000c3480000, 0x00000000eb180000)
  object space 33280K, 20% used [0x00000000c1400000,0x00000000c1a86898,0x00000000c3480000)
 Metaspace       used 24493K, capacity 25258K, committed 25344K, reserved 1071104K
  class space    used 3124K, capacity 3313K, committed 3328K, reserved 1048576K

Card table byte_map: [0x0000000011ef0000,0x00000000120f0000] byte_map_base: 0x00000000118e6000

Marking Bits: (ParMarkBitMap*) 0x000000006b6cd850
 Begin Bits: [0x0000000012640000, 0x00000000135f0000)
 End Bits:   [0x00000000135f0000, 0x00000000145a0000)

Polling page: 0x0000000000ab0000

CodeCache: size=245760Kb used=7751Kb max_used=7751Kb free=238008Kb
 bounds [0x0000000002b30000, 0x00000000032d0000, 0x0000000011b30000]
 total_blobs=2516 nmethods=2126 adapters=302
 compilation: enabled

Compilation events (10 events):
Event: 3.469 Thread 0x0000000016b06800 2124       3       org.springframework.boot.autoconfigure.condition.BeanTypeRegistry::updateBeanType (68 bytes)
Event: 3.470 Thread 0x0000000016b06800 nmethod 2124 0x00000000032c22d0 code [0x00000000032c2500, 0x00000000032c3268]
Event: 3.472 Thread 0x0000000016b06800 2125       3       org.springframework.beans.factory.support.AbstractBeanFactory::getMergedBeanDefinition (44 bytes)
Event: 3.473 Thread 0x0000000016b06800 nmethod 2125 0x00000000032c36d0 code [0x00000000032c3900, 0x00000000032c4968]
Event: 3.474 Thread 0x0000000016b06800 2126       3       org.springframework.util.StringUtils::arrayToDelimitedString (68 bytes)
Event: 3.475 Thread 0x0000000016b06800 nmethod 2126 0x00000000032c4e10 code [0x00000000032c5020, 0x00000000032c5c68]
Event: 3.475 Thread 0x0000000016b06800 2127       3       org.springframework.util.StringUtils::containsText (37 bytes)
Event: 3.476 Thread 0x0000000016b06800 nmethod 2127 0x00000000032bf510 code [0x00000000032bf6c0, 0x00000000032bfc38]
Event: 3.476 Thread 0x0000000016b06800 2128       3       java.util.ArrayList::<init> (67 bytes)
Event: 3.477 Thread 0x0000000016b06800 nmethod 2128 0x00000000032c61d0 code [0x00000000032c6380, 0x00000000032c68b8]

GC Heap History (10 events):
Event: 2.092 GC heap before
{Heap before GC invocations=6 (full 0):
 PSYoungGen      total 35328K, used 35312K [0x00000000eb180000, 0x00000000ed680000, 0x0000000100000000)
  eden space 32768K, 100% used [0x00000000eb180000,0x00000000ed180000,0x00000000ed180000)
  from space 2560K, 99% used [0x00000000ed180000,0x00000000ed3fc030,0x00000000ed400000)
  to   space 2560K, 0% used [0x00000000ed400000,0x00000000ed400000,0x00000000ed680000)
 ParOldGen       total 44032K, used 6108K [0x00000000c1400000, 0x00000000c3f00000, 0x00000000eb180000)
  object space 44032K, 13% used [0x00000000c1400000,0x00000000c19f7000,0x00000000c3f00000)
 Metaspace       used 19521K, capacity 20096K, committed 20352K, reserved 1067008K
  class space    used 2482K, capacity 2622K, committed 2688K, reserved 1048576K
Event: 2.100 GC heap after
Heap after GC invocations=6 (full 0):
 PSYoungGen      total 35328K, used 2544K [0x00000000eb180000, 0x00000000ed680000, 0x0000000100000000)
  eden space 32768K, 0% used [0x00000000eb180000,0x00000000eb180000,0x00000000ed180000)
  from space 2560K, 99% used [0x00000000ed400000,0x00000000ed67c030,0x00000000ed680000)
  to   space 2560K, 0% used [0x00000000ed180000,0x00000000ed180000,0x00000000ed400000)
 ParOldGen       total 44032K, used 10136K [0x00000000c1400000, 0x00000000c3f00000, 0x00000000eb180000)
  object space 44032K, 23% used [0x00000000c1400000,0x00000000c1de6380,0x00000000c3f00000)
 Metaspace       used 19521K, capacity 20096K, committed 20352K, reserved 1067008K
  class space    used 2482K, capacity 2622K, committed 2688K, reserved 1048576K
}
Event: 2.210 GC heap before
{Heap before GC invocations=7 (full 0):
 PSYoungGen      total 35328K, used 17190K [0x00000000eb180000, 0x00000000ed680000, 0x0000000100000000)
  eden space 32768K, 44% used [0x00000000eb180000,0x00000000ebfcd948,0x00000000ed180000)
  from space 2560K, 99% used [0x00000000ed400000,0x00000000ed67c030,0x00000000ed680000)
  to   space 2560K, 0% used [0x00000000ed180000,0x00000000ed180000,0x00000000ed400000)
 ParOldGen       total 44032K, used 10136K [0x00000000c1400000, 0x00000000c3f00000, 0x00000000eb180000)
  object space 44032K, 23% used [0x00000000c1400000,0x00000000c1de6380,0x00000000c3f00000)
 Metaspace       used 20590K, capacity 21112K, committed 21248K, reserved 1067008K
  class space    used 2639K, capacity 2790K, committed 2816K, reserved 1048576K
Event: 2.217 GC heap after
Heap after GC invocations=7 (full 0):
 PSYoungGen      total 35328K, used 2536K [0x00000000eb180000, 0x00000000ed680000, 0x0000000100000000)
  eden space 32768K, 0% used [0x00000000eb180000,0x00000000eb180000,0x00000000ed180000)
  from space 2560K, 99% used [0x00000000ed180000,0x00000000ed3fa068,0x00000000ed400000)
  to   space 2560K, 0% used [0x00000000ed400000,0x00000000ed400000,0x00000000ed680000)
 ParOldGen       total 44032K, used 11929K [0x00000000c1400000, 0x00000000c3f00000, 0x00000000eb180000)
  object space 44032K, 27% used [0x00000000c1400000,0x00000000c1fa6630,0x00000000c3f00000)
 Metaspace       used 20590K, capacity 21112K, committed 21248K, reserved 1067008K
  class space    used 2639K, capacity 2790K, committed 2816K, reserved 1048576K
}
Event: 2.217 GC heap before
{Heap before GC invocations=8 (full 1):
 PSYoungGen      total 35328K, used 2536K [0x00000000eb180000, 0x00000000ed680000, 0x0000000100000000)
  eden space 32768K, 0% used [0x00000000eb180000,0x00000000eb180000,0x00000000ed180000)
  from space 2560K, 99% used [0x00000000ed180000,0x00000000ed3fa068,0x00000000ed400000)
  to   space 2560K, 0% used [0x00000000ed400000,0x00000000ed400000,0x00000000ed680000)
 ParOldGen       total 44032K, used 11929K [0x00000000c1400000, 0x00000000c3f00000, 0x00000000eb180000)
  object space 44032K, 27% used [0x00000000c1400000,0x00000000c1fa6630,0x00000000c3f00000)
 Metaspace       used 20590K, capacity 21112K, committed 21248K, reserved 1067008K
  class space    used 2639K, capacity 2790K, committed 2816K, reserved 1048576K
Event: 2.260 GC heap after
Heap after GC invocations=8 (full 1):
 PSYoungGen      total 35328K, used 0K [0x00000000eb180000, 0x00000000ed680000, 0x0000000100000000)
  eden space 32768K, 0% used [0x00000000eb180000,0x00000000eb180000,0x00000000ed180000)
  from space 2560K, 0% used [0x00000000ed180000,0x00000000ed180000,0x00000000ed400000)
  to   space 2560K, 0% used [0x00000000ed400000,0x00000000ed400000,0x00000000ed680000)
 ParOldGen       total 33280K, used 5839K [0x00000000c1400000, 0x00000000c3480000, 0x00000000eb180000)
  object space 33280K, 17% used [0x00000000c1400000,0x00000000c19b3f48,0x00000000c3480000)
 Metaspace       used 20590K, capacity 21112K, committed 21248K, reserved 1067008K
  class space    used 2639K, capacity 2790K, committed 2816K, reserved 1048576K
}
Event: 3.081 GC heap before
{Heap before GC invocations=9 (full 1):
 PSYoungGen      total 35328K, used 32768K [0x00000000eb180000, 0x00000000ed680000, 0x0000000100000000)
  eden space 32768K, 100% used [0x00000000eb180000,0x00000000ed180000,0x00000000ed180000)
  from space 2560K, 0% used [0x00000000ed180000,0x00000000ed180000,0x00000000ed400000)
  to   space 2560K, 0% used [0x00000000ed400000,0x00000000ed400000,0x00000000ed680000)
 ParOldGen       total 33280K, used 5839K [0x00000000c1400000, 0x00000000c3480000, 0x00000000eb180000)
  object space 33280K, 17% used [0x00000000c1400000,0x00000000c19b3f48,0x00000000c3480000)
 Metaspace       used 23714K, capacity 24392K, committed 24576K, reserved 1071104K
  class space    used 3018K, capacity 3212K, committed 3328K, reserved 1048576K
Event: 3.087 GC heap after
Heap after GC invocations=9 (full 1):
 PSYoungGen      total 35328K, used 2556K [0x00000000eb180000, 0x00000000ed680000, 0x0000000100000000)
  eden space 32768K, 0% used [0x00000000eb180000,0x00000000eb180000,0x00000000ed180000)
  from space 2560K, 99% used [0x00000000ed400000,0x00000000ed67f138,0x00000000ed680000)
  to   space 2560K, 0% used [0x00000000ed180000,0x00000000ed180000,0x00000000ed400000)
 ParOldGen       total 33280K, used 6674K [0x00000000c1400000, 0x00000000c3480000, 0x00000000eb180000)
  object space 33280K, 20% used [0x00000000c1400000,0x00000000c1a84898,0x00000000c3480000)
 Metaspace       used 23714K, capacity 24392K, committed 24576K, reserved 1071104K
  class space    used 3018K, capacity 3212K, committed 3328K, reserved 1048576K
}
Event: 3.147 GC heap before
{Heap before GC invocations=10 (full 1):
 PSYoungGen      total 35328K, used 35324K [0x00000000eb180000, 0x00000000ed680000, 0x0000000100000000)
  eden space 32768K, 100% used [0x00000000eb180000,0x00000000ed180000,0x00000000ed180000)
  from space 2560K, 99% used [0x00000000ed400000,0x00000000ed67f138,0x00000000ed680000)
  to   space 2560K, 0% used [0x00000000ed180000,0x00000000ed180000,0x00000000ed400000)
 ParOldGen       total 33280K, used 6674K [0x00000000c1400000, 0x00000000c3480000, 0x00000000eb180000)
  object space 33280K, 20% used [0x00000000c1400000,0x00000000c1a84898,0x00000000c3480000)
 Metaspace       used 23818K, capacity 24456K, committed 24576K, reserved 1071104K
  class space    used 3030K, capacity 3212K, committed 3328K, reserved 1048576K
Event: 3.151 GC heap after
Heap after GC invocations=10 (full 1):
 PSYoungGen      total 35328K, used 2209K [0x00000000eb180000, 0x00000000ed680000, 0x0000000100000000)
  eden space 32768K, 0% used [0x00000000eb180000,0x00000000eb180000,0x00000000ed180000)
  from space 2560K, 86% used [0x00000000ed180000,0x00000000ed3a8550,0x00000000ed400000)
  to   space 2560K, 0% used [0x00000000ed400000,0x00000000ed400000,0x00000000ed680000)
 ParOldGen       total 33280K, used 6682K [0x00000000c1400000, 0x00000000c3480000, 0x00000000eb180000)
  object space 33280K, 20% used [0x00000000c1400000,0x00000000c1a86898,0x00000000c3480000)
 Metaspace       used 23818K, capacity 24456K, committed 24576K, reserved 1071104K
  class space    used 3030K, capacity 3212K, committed 3328K, reserved 1048576K
}

Deoptimization events (10 events):
Event: 1.595 Thread 0x000000001766f800 Uncommon trap: reason=unstable_if action=reinterpret pc=0x0000000002d94afc method=java.util.HashMap.getNode(ILjava/lang/Object;)Ljava/util/HashMap$Node; @ 129
Event: 1.739 Thread 0x000000001766f800 Uncommon trap: reason=unstable_if action=reinterpret pc=0x0000000002eb6744 method=java.util.HashMap.putVal(ILjava/lang/Object;Ljava/lang/Object;ZZ)Ljava/lang/Object; @ 193
Event: 1.785 Thread 0x000000001766f800 Uncommon trap: reason=unstable_if action=reinterpret pc=0x0000000002ee4ab4 method=java.util.jar.Manifest$FastInputStream.readLine([BII)I @ 87
Event: 1.983 Thread 0x0000000002a35000 Uncommon trap: reason=unstable_if action=reinterpret pc=0x0000000002e20b58 method=java.io.WinNTFileSystem.normalize(Ljava/lang/String;)Ljava/lang/String; @ 128
Event: 2.278 Thread 0x000000001766f800 Uncommon trap: reason=unstable_if action=reinterpret pc=0x0000000002fb0668 method=jdk.internal.org.objectweb.asm.Type.getArgumentsAndReturnSizes(Ljava/lang/String;)I @ 47
Event: 2.674 Thread 0x000000001766f800 Uncommon trap: reason=unstable_if action=reinterpret pc=0x00000000030ad79c method=com.sun.org.apache.xerces.internal.impl.XMLEntityScanner.scanLiteral(ILcom/sun/org/apache/xerces/internal/xni/XMLString;Z)I @ 570
Event: 2.708 Thread 0x000000001766f800 Uncommon trap: reason=unstable_if action=reinterpret pc=0x000000000307ef74 method=com.sun.org.apache.xerces.internal.impl.XMLEntityScanner.checkBeforeLoad(Lcom/sun/xml/internal/stream/Entity$ScannedEntity;II)I @ 18
Event: 2.784 Thread 0x0000000002a35000 Uncommon trap: reason=unstable_if action=reinterpret pc=0x0000000002ea8ad4 method=org.springframework.boot.context.properties.source.ConfigurationPropertyName$ElementsParser.updateType(Lorg/springframework/boot/context/properties/source/ConfigurationPrope
Event: 2.813 Thread 0x000000001766f800 Uncommon trap: reason=unstable_if action=reinterpret pc=0x00000000030de55c method=com.sun.org.apache.xerces.internal.impl.XMLEntityScanner.skipSpaces()Z @ 125
Event: 2.849 Thread 0x000000001766f800 Uncommon trap: reason=unstable_if action=reinterpret pc=0x00000000030ff7cc method=com.sun.org.apache.xerces.internal.util.SymbolTable.addSymbol([CII)Ljava/lang/String; @ 38

Internal exceptions (10 events):
Event: 1.924 Thread 0x0000000002a35000 Exception <a 'java/lang/ClassNotFoundException': org/springframework/core/OrderedCustomizer> (0x00000000ec0c92f0) thrown at [C:\re\workspace\8-2-build-windows-amd64-cygwin\jdk8u144\9417\hotspot\src\share\vm\classfile\systemDictionary.cpp, line 210]
Event: 1.925 Thread 0x0000000002a35000 Exception <a 'java/lang/ClassNotFoundException': org/springframework/context/ResourceLoaderAwareCustomizer> (0x00000000ec0dcf80) thrown at [C:\re\workspace\8-2-build-windows-amd64-cygwin\jdk8u144\9417\hotspot\src\share\vm\classfile\systemDictionary.cpp, l
Event: 1.926 Thread 0x0000000002a35000 Exception <a 'java/lang/ClassNotFoundException': org/springframework/beans/factory/AwareCustomizer> (0x00000000ec0ef290) thrown at [C:\re\workspace\8-2-build-windows-amd64-cygwin\jdk8u144\9417\hotspot\src\share\vm\classfile\systemDictionary.cpp, line 210]
Event: 1.926 Thread 0x0000000002a35000 Exception <a 'java/lang/ClassNotFoundException': org/springframework/beans/factory/BeanClassLoaderAwareCustomizer> (0x00000000ec15dc38) thrown at [C:\re\workspace\8-2-build-windows-amd64-cygwin\jdk8u144\9417\hotspot\src\share\vm\classfile\systemDictionary
Event: 1.927 Thread 0x0000000002a35000 Exception <a 'java/lang/ClassNotFoundException': org/springframework/beans/factory/AwareCustomizer> (0x00000000ec16ff60) thrown at [C:\re\workspace\8-2-build-windows-amd64-cygwin\jdk8u144\9417\hotspot\src\share\vm\classfile\systemDictionary.cpp, line 210]
Event: 1.927 Thread 0x0000000002a35000 Exception <a 'java/lang/ClassNotFoundException': org/springframework/context/EnvironmentAwareCustomizer> (0x00000000ec182460) thrown at [C:\re\workspace\8-2-build-windows-amd64-cygwin\jdk8u144\9417\hotspot\src\share\vm\classfile\systemDictionary.cpp, line
Event: 1.928 Thread 0x0000000002a35000 Exception <a 'java/lang/ClassNotFoundException': org/springframework/beans/factory/AwareCustomizer> (0x00000000ec194668) thrown at [C:\re\workspace\8-2-build-windows-amd64-cygwin\jdk8u144\9417\hotspot\src\share\vm\classfile\systemDictionary.cpp, line 210]
Event: 1.986 Thread 0x0000000002a35000 Exception <a 'java/lang/NoSuchMethodError': java.lang.Object.lambda$comparing$77a9974f$1(Ljava/util/function/Function;Ljava/lang/Object;Ljava/lang/Object;)I> (0x00000000ec6e7b50) thrown at [C:\re\workspace\8-2-build-windows-amd64-cygwin\jdk8u144\9417\hots
Event: 2.271 Thread 0x0000000002a35000 Exception <a 'java/lang/IncompatibleClassChangeError': Found class java.lang.Object, but interface was expected> (0x00000000eb275468) thrown at [C:\re\workspace\8-2-build-windows-amd64-cygwin\jdk8u144\9417\hotspot\src\share\vm\interpreter\linkResolver.cpp
Event: 2.284 Thread 0x000000001766f800 Exception <a 'java/lang/IncompatibleClassChangeError': Found class java.lang.Object, but interface was expected> (0x00000000eb305a30) thrown at [C:\re\workspace\8-2-build-windows-amd64-cygwin\jdk8u144\9417\hotspot\src\share\vm\interpreter\linkResolver.cpp

Events (10 events):
Event: 3.448 loading class org/springframework/web/servlet/View
Event: 3.448 loading class org/springframework/web/servlet/View done
Event: 3.451 loading class org/springframework/boot/autoconfigure/web/servlet/error/ErrorMvcAutoConfiguration$DefaultErrorViewResolverConfiguration
Event: 3.451 loading class org/springframework/boot/autoconfigure/web/servlet/error/ErrorMvcAutoConfiguration$DefaultErrorViewResolverConfiguration done
Event: 3.453 loading class org/springframework/boot/autoconfigure/web/servlet/error/DefaultErrorViewResolver
Event: 3.453 loading class org/springframework/boot/autoconfigure/web/servlet/error/DefaultErrorViewResolver done
Event: 3.465 loading class org/springframework/boot/autoconfigure/web/servlet/error/ErrorViewResolver
Event: 3.465 loading class org/springframework/boot/autoconfigure/web/servlet/error/ErrorViewResolver done
Event: 3.477 loading class org/springframework/boot/autoconfigure/web/servlet/WebMvcAutoConfiguration
Event: 3.477 loading class org/springframework/boot/autoconfigure/web/servlet/WebMvcAutoConfiguration done


Dynamic libraries:
0x00007ff6eb470000 - 0x00007ff6eb4a7000 	C:\Program Files\Java\jdk1.8.0_144\bin\java.exe
0x00007ffd5d100000 - 0x00007ffd5d2ed000 	C:\WINDOWS\SYSTEM32\ntdll.dll
0x00007ffd5a870000 - 0x00007ffd5a923000 	C:\WINDOWS\System32\KERNEL32.DLL
0x00007ffd591d0000 - 0x00007ffd59463000 	C:\WINDOWS\System32\KERNELBASE.dll
0x00007ffd5a930000 - 0x00007ffd5a9d3000 	C:\WINDOWS\System32\ADVAPI32.dll
0x00007ffd5caf0000 - 0x00007ffd5cb8e000 	C:\WINDOWS\System32\msvcrt.dll
0x00007ffd5ab40000 - 0x00007ffd5abde000 	C:\WINDOWS\System32\sechost.dll
0x00007ffd5a9e0000 - 0x00007ffd5ab02000 	C:\WINDOWS\System32\RPCRT4.dll
0x00007ffd5c950000 - 0x00007ffd5cae7000 	C:\WINDOWS\System32\USER32.dll
0x00007ffd5a150000 - 0x00007ffd5a170000 	C:\WINDOWS\System32\win32u.dll
0x00007ffd5ab10000 - 0x00007ffd5ab39000 	C:\WINDOWS\System32\GDI32.dll
0x00007ffd59520000 - 0x00007ffd596ba000 	C:\WINDOWS\System32\gdi32full.dll
0x00007ffd5a170000 - 0x00007ffd5a210000 	C:\WINDOWS\System32\msvcp_win.dll
0x00007ffd59e10000 - 0x00007ffd59f0c000 	C:\WINDOWS\System32\ucrtbase.dll
0x00007ffd4e270000 - 0x00007ffd4e4e9000 	C:\WINDOWS\WinSxS\amd64_microsoft.windows.common-controls_6595b64144ccf1df_6.0.17763.316_none_05b53be2071f46b6\COMCTL32.dll
0x00007ffd5a490000 - 0x00007ffd5a7bd000 	C:\WINDOWS\System32\combase.dll
0x00007ffd5a240000 - 0x00007ffd5a2be000 	C:\WINDOWS\System32\bcryptPrimitives.dll
0x00007ffd5a840000 - 0x00007ffd5a86e000 	C:\WINDOWS\System32\IMM32.DLL
0x000000006b750000 - 0x000000006b822000 	C:\Program Files\Java\jdk1.8.0_144\jre\bin\msvcr100.dll
0x000000006aeb0000 - 0x000000006b74d000 	C:\Program Files\Java\jdk1.8.0_144\jre\bin\server\jvm.dll
0x00007ffd5cf10000 - 0x00007ffd5cf18000 	C:\WINDOWS\System32\PSAPI.DLL
0x00007ffd56d70000 - 0x00007ffd56d94000 	C:\WINDOWS\SYSTEM32\WINMM.dll
0x00007ffd52070000 - 0x00007ffd5207a000 	C:\WINDOWS\SYSTEM32\VERSION.dll
0x00007ffd56d40000 - 0x00007ffd56d6d000 	C:\WINDOWS\SYSTEM32\WINMMBASE.dll
0x00007ffd5a2c0000 - 0x00007ffd5a30a000 	C:\WINDOWS\System32\cfgmgr32.dll
0x00007ffd48b20000 - 0x00007ffd48b29000 	C:\WINDOWS\SYSTEM32\WSOCK32.dll
0x00007ffd5d060000 - 0x00007ffd5d0cd000 	C:\WINDOWS\System32\WS2_32.dll
0x000000006aea0000 - 0x000000006aeaf000 	C:\Program Files\Java\jdk1.8.0_144\jre\bin\verify.dll
0x000000006ae70000 - 0x000000006ae99000 	C:\Program Files\Java\jdk1.8.0_144\jre\bin\java.dll
0x000000006ae20000 - 0x000000006ae43000 	C:\Program Files\Java\jdk1.8.0_144\jre\bin\instrument.dll
0x000000006ae50000 - 0x000000006ae66000 	C:\Program Files\Java\jdk1.8.0_144\jre\bin\zip.dll
0x00007ffd5b3b0000 - 0x00007ffd5c89f000 	C:\WINDOWS\System32\SHELL32.dll
0x00007ffd5c8a0000 - 0x00007ffd5c948000 	C:\WINDOWS\System32\shcore.dll
0x00007ffd596c0000 - 0x00007ffd59e0a000 	C:\WINDOWS\System32\windows.storage.dll
0x00007ffd59100000 - 0x00007ffd59124000 	C:\WINDOWS\System32\profapi.dll
0x00007ffd59170000 - 0x00007ffd591cd000 	C:\WINDOWS\System32\powrprof.dll
0x00007ffd5cd30000 - 0x00007ffd5cd82000 	C:\WINDOWS\System32\shlwapi.dll
0x00007ffd59130000 - 0x00007ffd59141000 	C:\WINDOWS\System32\kernel.appcore.dll
0x00007ffd5a310000 - 0x00007ffd5a327000 	C:\WINDOWS\System32\cryptsp.dll
0x00007ffd4e920000 - 0x00007ffd4e93a000 	C:\Program Files\JetBrains\IntelliJ IDEA Community Edition 2018.3.1\bin\breakgen64.dll
0x000000006ae00000 - 0x000000006ae1a000 	C:\Program Files\Java\jdk1.8.0_144\jre\bin\net.dll
0x00007ffd58930000 - 0x00007ffd58997000 	C:\WINDOWS\system32\mswsock.dll
0x000000006add0000 - 0x000000006addd000 	C:\Program Files\Java\jdk1.8.0_144\jre\bin\management.dll
0x00007ffd4bfe0000 - 0x00007ffd4bff6000 	C:\WINDOWS\system32\napinsp.dll
0x00007ffd4bf50000 - 0x00007ffd4bf6a000 	C:\WINDOWS\system32\pnrpnsp.dll
0x00007ffd586d0000 - 0x00007ffd58796000 	C:\WINDOWS\SYSTEM32\DNSAPI.dll
0x00007ffd5cf00000 - 0x00007ffd5cf08000 	C:\WINDOWS\System32\NSI.dll
0x00007ffd58690000 - 0x00007ffd586cd000 	C:\WINDOWS\SYSTEM32\IPHLPAPI.DLL
0x00007ffd4bf30000 - 0x00007ffd4bf3e000 	C:\WINDOWS\System32\winrnr.dll
0x00007ffd559f0000 - 0x00007ffd55a0b000 	C:\WINDOWS\system32\NLAapi.dll
0x00007ffd4bf10000 - 0x00007ffd4bf25000 	C:\WINDOWS\system32\wshbth.dll
0x00007ffd51600000 - 0x00007ffd5160a000 	C:\Windows\System32\rasadhlp.dll
0x00007ffd52b60000 - 0x00007ffd52bd9000 	C:\WINDOWS\System32\fwpuclnt.dll
0x00007ffd5a210000 - 0x00007ffd5a236000 	C:\WINDOWS\System32\bcrypt.dll
0x000000006ade0000 - 0x000000006adf1000 	C:\Program Files\Java\jdk1.8.0_144\jre\bin\nio.dll

VM Arguments:
jvm_args: -javaagent:C:\Program Files\JetBrains\IntelliJ IDEA Community Edition 2018.3.1\lib\idea_rt.jar=50549:C:\Program Files\JetBrains\IntelliJ IDEA Community Edition 2018.3.1\bin -Dfile.encoding=UTF-8 
java_command: com.varga.parcial.ParcialApplication
java_class_path (initial): C:\Program Files\Java\jdk1.8.0_144\jre\lib\charsets.jar;C:\Program Files\Java\jdk1.8.0_144\jre\lib\deploy.jar;C:\Program Files\Java\jdk1.8.0_144\jre\lib\ext\access-bridge-64.jar;C:\Program Files\Java\jdk1.8.0_144\jre\lib\ext\cldrdata.jar;C:\Program Files\Java\jdk1.8.0_144\jre\lib\ext\dnsns.jar;C:\Program Files\Java\jdk1.8.0_144\jre\lib\ext\jaccess.jar;C:\Program Files\Java\jdk1.8.0_144\jre\lib\ext\jfxrt.jar;C:\Program Files\Java\jdk1.8.0_144\jre\lib\ext\localedata.jar;C:\Program Files\Java\jdk1.8.0_144\jre\lib\ext\nashorn.jar;C:\Program Files\Java\jdk1.8.0_144\jre\lib\ext\sunec.jar;C:\Program Files\Java\jdk1.8.0_144\jre\lib\ext\sunjce_provider.jar;C:\Program Files\Java\jdk1.8.0_144\jre\lib\ext\sunmscapi.jar;C:\Program Files\Java\jdk1.8.0_144\jre\lib\ext\sunpkcs11.jar;C:\Program Files\Java\jdk1.8.0_144\jre\lib\ext\zipfs.jar;C:\Program Files\Java\jdk1.8.0_144\jre\lib\javaws.jar;C:\Program Files\Java\jdk1.8.0_144\jre\lib\jce.jar;C:\Program Files\Java\jdk1.8.0_144\jre\lib\jfr.jar;C:\Program Files\Java\jdk1.8.0_144\jre\lib\jfxswt.jar;C:\Program Files\Java\jdk1.8.0_144\jre\lib\jsse.jar;C:\Program Files\Java\jdk1.8.0_144\jre\lib\management-agent.jar;C:\Program Files\Java\jdk1.8.0_144\jre\lib\plugin.jar;C:\Program Files\Java\jdk1.8.0_144\jre\lib\resources.jar;C:\Program Files\Java\jdk1.8.0_144\jre\lib\rt.jar;D:\parcial\target\classes;C:\Users\usuario\.m2\repository\org\springframework\boot\spring-boot-starter-data-jpa\2.1.5.RELEASE\spring-boot-starter-data-jpa-2.1.5.RELEASE.jar;C:\Users\usuario\.m2\repository\org\springframework\boot\spring-boot-starter-aop\2.1.5.RELEASE\spring-boot-starter-aop-2.1.5.RELEASE.jar;C:\Users\usuario\.m2\repository\org\springframework\spring-aop\5.1.7.RELEASE\spring-aop-5.1.7.RELEASE.jar;C:\Users\usuario\.m2\repository\org\aspectj\aspectjweaver\1.9.4\aspectjweaver-1.9.4.jar;C:\Users\usuario\.m2\repository\org\springframework\boot\spring-boot-starter-jdbc\2.1.5.RELEASE\spring-boot-starter-jdbc-2.1.5.RELEASE.jar;C:\Use
Launcher Type: SUN_STANDARD

Environment Variables:
JAVA_HOME=C:\Program Files\Java\jdk1.8.0_191
PATH=C:\Program Files (x86)\Common Files\Oracle\Java\javapath;C:\ProgramData\Oracle\Java\javapath;C:\WINDOWS\system32;C:\WINDOWS;C:\WINDOWS\System32\Wbem;C:\WINDOWS\System32\WindowsPowerShell\v1.0\;C:\WINDOWS\System32\OpenSSH\;C:\Program Files\Orca3D (64-bit);C:\Program Files\Java\jdk1.8.0_191\bin;C:\Users\usuario\AppData\Local\Programs\Python\Python37\Scripts\;C:\Users\usuario\AppData\Local\Programs\Python\Python37\;C:\Users\usuario\AppData\Local\Microsoft\WindowsApps;;C:\Users\usuario\AppData\Local\Programs\Microsoft VS Code\bin
USERNAME=usuario
OS=Windows_NT
PROCESSOR_IDENTIFIER=Intel64 Family 6 Model 42 Stepping 7, GenuineIntel



---------------  S Y S T E M  ---------------

OS: Windows 10.0 , 64 bit Build 17763 (10.0.17763.292)

CPU:total 4 (initial active 4) (2 cores per cpu, 2 threads per core) family 6 model 42 stepping 7, cmov, cx8, fxsr, mmx, sse, sse2, sse3, ssse3, sse4.1, sse4.2, popcnt, avx, clmul, ht, tsc, tscinvbit

Memory: 4k page, physical 4109748k(368288k free), swap 4371892k(5128k free)

vm_info: Java HotSpot(TM) 64-Bit Server VM (25.144-b01) for windows-amd64 JRE (1.8.0_144-b01), built on Jul 21 2017 21:57:33 by "java_re" with MS VC++ 10.0 (VS2010)

time: Wed Jun 05 19:43:21 2019
elapsed time: 3 seconds (0d 0h 0m 3s)

